{"/media/mahmoud/New Volume1/CMP 2021/4th year/1st term/Projects/Consultation/Match-Reservation-System/src/app.js": {"path":"/media/mahmoud/New Volume1/CMP 2021/4th year/1st term/Projects/Consultation/Match-Reservation-System/src/app.js","statementMap":{"0":{"start":{"line":1,"column":0},"end":{"line":1,"column":27}},"1":{"start":{"line":2,"column":16},"end":{"line":2,"column":34}},"2":{"start":{"line":3,"column":12},"end":{"line":3,"column":21}},"3":{"start":{"line":5,"column":18},"end":{"line":5,"column":45}},"4":{"start":{"line":6,"column":22},"end":{"line":6,"column":53}},"5":{"start":{"line":7,"column":20},"end":{"line":7,"column":48}},"6":{"start":{"line":8,"column":20},"end":{"line":8,"column":56}},"7":{"start":{"line":11,"column":0},"end":{"line":11,"column":23}},"8":{"start":{"line":12,"column":0},"end":{"line":12,"column":18}},"9":{"start":{"line":13,"column":0},"end":{"line":13,"column":22}},"10":{"start":{"line":14,"column":0},"end":{"line":14,"column":20}},"11":{"start":{"line":15,"column":0},"end":{"line":15,"column":20}},"12":{"start":{"line":17,"column":0},"end":{"line":17,"column":20}}},"fnMap":{},"branchMap":{},"s":{"0":3,"1":3,"2":3,"3":3,"4":3,"5":3,"6":3,"7":3,"8":3,"9":3,"10":3,"11":3,"12":3},"f":{},"b":{},"_coverageSchema":"1a1c01bbd47fc00a2c39e90264f33305004495a9","hash":"832cf31880f16f4c4d7111e208201d7b78552e9f"}
,"/media/mahmoud/New Volume1/CMP 2021/4th year/1st term/Projects/Consultation/Match-Reservation-System/src/app_error.js": {"path":"/media/mahmoud/New Volume1/CMP 2021/4th year/1st term/Projects/Consultation/Match-Reservation-System/src/app_error.js","statementMap":{"0":{"start":{"line":3,"column":6},"end":{"line":3,"column":21}},"1":{"start":{"line":4,"column":6},"end":{"line":4,"column":35}},"2":{"start":{"line":7,"column":0},"end":{"line":7,"column":26}}},"fnMap":{"0":{"name":"(anonymous_0)","decl":{"start":{"line":2,"column":4},"end":{"line":2,"column":5}},"loc":{"start":{"line":2,"column":37},"end":{"line":5,"column":5}},"line":2}},"branchMap":{},"s":{"0":6,"1":6,"2":3},"f":{"0":6},"b":{},"_coverageSchema":"1a1c01bbd47fc00a2c39e90264f33305004495a9","hash":"6c0b04ba10694a225d8b30c867dcd97c9ec569db"}
,"/media/mahmoud/New Volume1/CMP 2021/4th year/1st term/Projects/Consultation/Match-Reservation-System/src/controllers/adminstrator.js": {"path":"/media/mahmoud/New Volume1/CMP 2021/4th year/1st term/Projects/Consultation/Match-Reservation-System/src/controllers/adminstrator.js","statementMap":{"0":{"start":{"line":1,"column":13},"end":{"line":1,"column":41}},"1":{"start":{"line":2,"column":14},"end":{"line":2,"column":43}},"2":{"start":{"line":3,"column":16},"end":{"line":3,"column":47}},"3":{"start":{"line":4,"column":20},"end":{"line":4,"column":55}},"4":{"start":{"line":5,"column":14},"end":{"line":5,"column":50}},"5":{"start":{"line":8,"column":20},"end":{"line":18,"column":1}},"6":{"start":{"line":9,"column":4},"end":{"line":17,"column":5}},"7":{"start":{"line":10,"column":22},"end":{"line":10,"column":36}},"8":{"start":{"line":11,"column":25},"end":{"line":11,"column":42}},"9":{"start":{"line":12,"column":22},"end":{"line":12,"column":68}},"10":{"start":{"line":13,"column":22},"end":{"line":13,"column":49}},"11":{"start":{"line":14,"column":8},"end":{"line":14,"column":75}},"12":{"start":{"line":16,"column":8},"end":{"line":16,"column":69}},"13":{"start":{"line":20,"column":21},"end":{"line":31,"column":1}},"14":{"start":{"line":21,"column":19},"end":{"line":21,"column":32}},"15":{"start":{"line":22,"column":4},"end":{"line":30,"column":5}},"16":{"start":{"line":23,"column":21},"end":{"line":23,"column":92}},"17":{"start":{"line":24,"column":8},"end":{"line":26,"column":9}},"18":{"start":{"line":25,"column":12},"end":{"line":25,"column":77}},"19":{"start":{"line":27,"column":8},"end":{"line":27,"column":58}},"20":{"start":{"line":29,"column":8},"end":{"line":29,"column":69}},"21":{"start":{"line":33,"column":20},"end":{"line":42,"column":1}},"22":{"start":{"line":34,"column":18},"end":{"line":34,"column":27}},"23":{"start":{"line":35,"column":4},"end":{"line":35,"column":20}},"24":{"start":{"line":36,"column":4},"end":{"line":41,"column":5}},"25":{"start":{"line":37,"column":8},"end":{"line":37,"column":26}},"26":{"start":{"line":38,"column":8},"end":{"line":38,"column":30}},"27":{"start":{"line":40,"column":8},"end":{"line":40,"column":66}},"28":{"start":{"line":44,"column":19},"end":{"line":52,"column":1}},"29":{"start":{"line":45,"column":18},"end":{"line":45,"column":37}},"30":{"start":{"line":46,"column":4},"end":{"line":51,"column":5}},"31":{"start":{"line":47,"column":8},"end":{"line":47,"column":26}},"32":{"start":{"line":48,"column":8},"end":{"line":48,"column":35}},"33":{"start":{"line":50,"column":8},"end":{"line":50,"column":69}},"34":{"start":{"line":54,"column":19},"end":{"line":66,"column":1}},"35":{"start":{"line":55,"column":19},"end":{"line":55,"column":32}},"36":{"start":{"line":56,"column":4},"end":{"line":64,"column":5}},"37":{"start":{"line":57,"column":21},"end":{"line":57,"column":57}},"38":{"start":{"line":58,"column":8},"end":{"line":60,"column":9}},"39":{"start":{"line":59,"column":12},"end":{"line":59,"column":77}},"40":{"start":{"line":61,"column":8},"end":{"line":61,"column":58}},"41":{"start":{"line":63,"column":8},"end":{"line":63,"column":65}},"42":{"start":{"line":68,"column":0},"end":{"line":74,"column":1}}},"fnMap":{"0":{"name":"(anonymous_0)","decl":{"start":{"line":8,"column":20},"end":{"line":8,"column":21}},"loc":{"start":{"line":8,"column":40},"end":{"line":18,"column":1}},"line":8},"1":{"name":"(anonymous_1)","decl":{"start":{"line":20,"column":21},"end":{"line":20,"column":22}},"loc":{"start":{"line":20,"column":41},"end":{"line":31,"column":1}},"line":20},"2":{"name":"(anonymous_2)","decl":{"start":{"line":33,"column":20},"end":{"line":33,"column":21}},"loc":{"start":{"line":33,"column":40},"end":{"line":42,"column":1}},"line":33},"3":{"name":"(anonymous_3)","decl":{"start":{"line":44,"column":19},"end":{"line":44,"column":20}},"loc":{"start":{"line":44,"column":39},"end":{"line":52,"column":1}},"line":44},"4":{"name":"(anonymous_4)","decl":{"start":{"line":54,"column":19},"end":{"line":54,"column":20}},"loc":{"start":{"line":54,"column":39},"end":{"line":66,"column":1}},"line":54}},"branchMap":{"0":{"loc":{"start":{"line":24,"column":8},"end":{"line":26,"column":9}},"type":"if","locations":[{"start":{"line":24,"column":8},"end":{"line":26,"column":9}},{"start":{"line":24,"column":8},"end":{"line":26,"column":9}}],"line":24},"1":{"loc":{"start":{"line":58,"column":8},"end":{"line":60,"column":9}},"type":"if","locations":[{"start":{"line":58,"column":8},"end":{"line":60,"column":9}},{"start":{"line":58,"column":8},"end":{"line":60,"column":9}}],"line":58}},"s":{"0":3,"1":3,"2":3,"3":3,"4":3,"5":3,"6":1,"7":1,"8":1,"9":1,"10":0,"11":0,"12":1,"13":3,"14":0,"15":0,"16":0,"17":0,"18":0,"19":0,"20":0,"21":3,"22":0,"23":0,"24":0,"25":0,"26":0,"27":0,"28":3,"29":0,"30":0,"31":0,"32":0,"33":0,"34":3,"35":0,"36":0,"37":0,"38":0,"39":0,"40":0,"41":0,"42":3},"f":{"0":1,"1":0,"2":0,"3":0,"4":0},"b":{"0":[0,0],"1":[0,0]},"_coverageSchema":"1a1c01bbd47fc00a2c39e90264f33305004495a9","hash":"51eef7e9ebf55a28c767cf7943d3e79343bbde89"}
,"/media/mahmoud/New Volume1/CMP 2021/4th year/1st term/Projects/Consultation/Match-Reservation-System/src/controllers/fan.js": {"path":"/media/mahmoud/New Volume1/CMP 2021/4th year/1st term/Projects/Consultation/Match-Reservation-System/src/controllers/fan.js","statementMap":{"0":{"start":{"line":1,"column":13},"end":{"line":1,"column":41}},"1":{"start":{"line":2,"column":14},"end":{"line":2,"column":43}},"2":{"start":{"line":3,"column":16},"end":{"line":3,"column":47}},"3":{"start":{"line":4,"column":20},"end":{"line":4,"column":55}}},"fnMap":{},"branchMap":{},"s":{"0":3,"1":3,"2":3,"3":3},"f":{},"b":{},"_coverageSchema":"1a1c01bbd47fc00a2c39e90264f33305004495a9","hash":"06a600195d95543f60aa53b6b9e3ff3777b8fe0f"}
,"/media/mahmoud/New Volume1/CMP 2021/4th year/1st term/Projects/Consultation/Match-Reservation-System/src/controllers/manager.js": {"path":"/media/mahmoud/New Volume1/CMP 2021/4th year/1st term/Projects/Consultation/Match-Reservation-System/src/controllers/manager.js","statementMap":{"0":{"start":{"line":1,"column":13},"end":{"line":1,"column":41}},"1":{"start":{"line":2,"column":14},"end":{"line":2,"column":43}},"2":{"start":{"line":3,"column":16},"end":{"line":3,"column":47}},"3":{"start":{"line":4,"column":20},"end":{"line":4,"column":55}},"4":{"start":{"line":5,"column":17},"end":{"line":5,"column":40}},"5":{"start":{"line":7,"column":18},"end":{"line":18,"column":1}},"6":{"start":{"line":8,"column":4},"end":{"line":17,"column":5}},"7":{"start":{"line":9,"column":8},"end":{"line":10,"column":78}},"8":{"start":{"line":10,"column":12},"end":{"line":10,"column":78}},"9":{"start":{"line":11,"column":22},"end":{"line":11,"column":41}},"10":{"start":{"line":12,"column":8},"end":{"line":12,"column":27}},"11":{"start":{"line":13,"column":8},"end":{"line":13,"column":45}},"12":{"start":{"line":16,"column":8},"end":{"line":16,"column":68}},"13":{"start":{"line":20,"column":17},"end":{"line":30,"column":1}},"14":{"start":{"line":21,"column":4},"end":{"line":29,"column":5}},"15":{"start":{"line":22,"column":22},"end":{"line":22,"column":62}},"16":{"start":{"line":23,"column":8},"end":{"line":24,"column":71}},"17":{"start":{"line":24,"column":12},"end":{"line":24,"column":71}},"18":{"start":{"line":25,"column":8},"end":{"line":25,"column":45}},"19":{"start":{"line":28,"column":8},"end":{"line":28,"column":68}},"20":{"start":{"line":32,"column":18},"end":{"line":45,"column":1}},"21":{"start":{"line":33,"column":4},"end":{"line":44,"column":5}},"22":{"start":{"line":34,"column":8},"end":{"line":35,"column":78}},"23":{"start":{"line":35,"column":12},"end":{"line":35,"column":78}},"24":{"start":{"line":36,"column":22},"end":{"line":36,"column":62}},"25":{"start":{"line":37,"column":8},"end":{"line":38,"column":71}},"26":{"start":{"line":38,"column":12},"end":{"line":38,"column":71}},"27":{"start":{"line":39,"column":29},"end":{"line":39,"column":107}},"28":{"start":{"line":40,"column":8},"end":{"line":40,"column":52}},"29":{"start":{"line":43,"column":8},"end":{"line":43,"column":67}},"30":{"start":{"line":47,"column":19},"end":{"line":58,"column":1}},"31":{"start":{"line":48,"column":4},"end":{"line":57,"column":5}},"32":{"start":{"line":49,"column":8},"end":{"line":50,"column":78}},"33":{"start":{"line":50,"column":12},"end":{"line":50,"column":78}},"34":{"start":{"line":51,"column":24},"end":{"line":51,"column":45}},"35":{"start":{"line":52,"column":8},"end":{"line":52,"column":29}},"36":{"start":{"line":53,"column":8},"end":{"line":53,"column":49}},"37":{"start":{"line":56,"column":8},"end":{"line":56,"column":68}},"38":{"start":{"line":60,"column":17},"end":{"line":75,"column":1}},"39":{"start":{"line":61,"column":4},"end":{"line":74,"column":5}},"40":{"start":{"line":62,"column":22},"end":{"line":62,"column":62}},"41":{"start":{"line":63,"column":8},"end":{"line":64,"column":71}},"42":{"start":{"line":64,"column":12},"end":{"line":64,"column":71}},"43":{"start":{"line":65,"column":8},"end":{"line":70,"column":15}},"44":{"start":{"line":69,"column":16},"end":{"line":69,"column":73}},"45":{"start":{"line":73,"column":8},"end":{"line":73,"column":67}},"46":{"start":{"line":77,"column":0},"end":{"line":83,"column":1}}},"fnMap":{"0":{"name":"(anonymous_0)","decl":{"start":{"line":7,"column":18},"end":{"line":7,"column":19}},"loc":{"start":{"line":7,"column":38},"end":{"line":18,"column":1}},"line":7},"1":{"name":"(anonymous_1)","decl":{"start":{"line":20,"column":17},"end":{"line":20,"column":18}},"loc":{"start":{"line":20,"column":37},"end":{"line":30,"column":1}},"line":20},"2":{"name":"(anonymous_2)","decl":{"start":{"line":32,"column":18},"end":{"line":32,"column":19}},"loc":{"start":{"line":32,"column":38},"end":{"line":45,"column":1}},"line":32},"3":{"name":"(anonymous_3)","decl":{"start":{"line":47,"column":19},"end":{"line":47,"column":20}},"loc":{"start":{"line":47,"column":39},"end":{"line":58,"column":1}},"line":47},"4":{"name":"(anonymous_4)","decl":{"start":{"line":60,"column":17},"end":{"line":60,"column":18}},"loc":{"start":{"line":60,"column":37},"end":{"line":75,"column":1}},"line":60},"5":{"name":"(anonymous_5)","decl":{"start":{"line":68,"column":18},"end":{"line":68,"column":19}},"loc":{"start":{"line":68,"column":40},"end":{"line":70,"column":13}},"line":68}},"branchMap":{"0":{"loc":{"start":{"line":9,"column":8},"end":{"line":10,"column":78}},"type":"if","locations":[{"start":{"line":9,"column":8},"end":{"line":10,"column":78}},{"start":{"line":9,"column":8},"end":{"line":10,"column":78}}],"line":9},"1":{"loc":{"start":{"line":23,"column":8},"end":{"line":24,"column":71}},"type":"if","locations":[{"start":{"line":23,"column":8},"end":{"line":24,"column":71}},{"start":{"line":23,"column":8},"end":{"line":24,"column":71}}],"line":23},"2":{"loc":{"start":{"line":34,"column":8},"end":{"line":35,"column":78}},"type":"if","locations":[{"start":{"line":34,"column":8},"end":{"line":35,"column":78}},{"start":{"line":34,"column":8},"end":{"line":35,"column":78}}],"line":34},"3":{"loc":{"start":{"line":37,"column":8},"end":{"line":38,"column":71}},"type":"if","locations":[{"start":{"line":37,"column":8},"end":{"line":38,"column":71}},{"start":{"line":37,"column":8},"end":{"line":38,"column":71}}],"line":37},"4":{"loc":{"start":{"line":49,"column":8},"end":{"line":50,"column":78}},"type":"if","locations":[{"start":{"line":49,"column":8},"end":{"line":50,"column":78}},{"start":{"line":49,"column":8},"end":{"line":50,"column":78}}],"line":49},"5":{"loc":{"start":{"line":63,"column":8},"end":{"line":64,"column":71}},"type":"if","locations":[{"start":{"line":63,"column":8},"end":{"line":64,"column":71}},{"start":{"line":63,"column":8},"end":{"line":64,"column":71}}],"line":63}},"s":{"0":3,"1":3,"2":3,"3":3,"4":3,"5":3,"6":2,"7":2,"8":1,"9":1,"10":1,"11":1,"12":1,"13":3,"14":2,"15":2,"16":2,"17":1,"18":1,"19":1,"20":3,"21":3,"22":3,"23":1,"24":2,"25":2,"26":1,"27":1,"28":1,"29":2,"30":3,"31":2,"32":2,"33":1,"34":1,"35":1,"36":1,"37":1,"38":3,"39":2,"40":2,"41":2,"42":1,"43":1,"44":1,"45":1,"46":3},"f":{"0":2,"1":2,"2":3,"3":2,"4":2,"5":1},"b":{"0":[1,1],"1":[1,1],"2":[1,2],"3":[1,1],"4":[1,1],"5":[1,1]},"_coverageSchema":"1a1c01bbd47fc00a2c39e90264f33305004495a9","hash":"0e8b8974d41ea65115897bae4c1041a812d935b2"}
,"/media/mahmoud/New Volume1/CMP 2021/4th year/1st term/Projects/Consultation/Match-Reservation-System/src/controllers/user.js": {"path":"/media/mahmoud/New Volume1/CMP 2021/4th year/1st term/Projects/Consultation/Match-Reservation-System/src/controllers/user.js","statementMap":{"0":{"start":{"line":1,"column":13},"end":{"line":1,"column":41}},"1":{"start":{"line":2,"column":14},"end":{"line":2,"column":43}},"2":{"start":{"line":3,"column":16},"end":{"line":3,"column":47}},"3":{"start":{"line":4,"column":20},"end":{"line":4,"column":55}},"4":{"start":{"line":6,"column":20},"end":{"line":18,"column":1}},"5":{"start":{"line":7,"column":4},"end":{"line":17,"column":5}},"6":{"start":{"line":8,"column":22},"end":{"line":8,"column":37}},"7":{"start":{"line":9,"column":8},"end":{"line":11,"column":9}},"8":{"start":{"line":10,"column":12},"end":{"line":10,"column":34}},"9":{"start":{"line":12,"column":21},"end":{"line":12,"column":36}},"10":{"start":{"line":13,"column":8},"end":{"line":13,"column":25}},"11":{"start":{"line":14,"column":8},"end":{"line":14,"column":58}},"12":{"start":{"line":16,"column":8},"end":{"line":16,"column":72}},"13":{"start":{"line":20,"column":19},"end":{"line":30,"column":1}},"14":{"start":{"line":21,"column":4},"end":{"line":29,"column":5}},"15":{"start":{"line":22,"column":22},"end":{"line":22,"column":36}},"16":{"start":{"line":23,"column":25},"end":{"line":23,"column":42}},"17":{"start":{"line":24,"column":21},"end":{"line":24,"column":66}},"18":{"start":{"line":25,"column":22},"end":{"line":25,"column":48}},"19":{"start":{"line":26,"column":8},"end":{"line":26,"column":73}},"20":{"start":{"line":28,"column":8},"end":{"line":28,"column":69}},"21":{"start":{"line":32,"column":19},"end":{"line":44,"column":1}},"22":{"start":{"line":33,"column":17},"end":{"line":33,"column":25}},"23":{"start":{"line":34,"column":4},"end":{"line":36,"column":6}},"24":{"start":{"line":35,"column":8},"end":{"line":35,"column":49}},"25":{"start":{"line":35,"column":38},"end":{"line":35,"column":49}},"26":{"start":{"line":37,"column":4},"end":{"line":42,"column":5}},"27":{"start":{"line":38,"column":8},"end":{"line":38,"column":25}},"28":{"start":{"line":39,"column":8},"end":{"line":39,"column":30}},"29":{"start":{"line":41,"column":8},"end":{"line":41,"column":30}},"30":{"start":{"line":46,"column":0},"end":{"line":50,"column":1}}},"fnMap":{"0":{"name":"(anonymous_0)","decl":{"start":{"line":6,"column":20},"end":{"line":6,"column":21}},"loc":{"start":{"line":6,"column":40},"end":{"line":18,"column":1}},"line":6},"1":{"name":"(anonymous_1)","decl":{"start":{"line":20,"column":19},"end":{"line":20,"column":20}},"loc":{"start":{"line":20,"column":39},"end":{"line":30,"column":1}},"line":20},"2":{"name":"(anonymous_2)","decl":{"start":{"line":32,"column":19},"end":{"line":32,"column":20}},"loc":{"start":{"line":32,"column":39},"end":{"line":44,"column":1}},"line":32},"3":{"name":"(anonymous_3)","decl":{"start":{"line":34,"column":38},"end":{"line":34,"column":39}},"loc":{"start":{"line":34,"column":49},"end":{"line":36,"column":5}},"line":34}},"branchMap":{"0":{"loc":{"start":{"line":9,"column":8},"end":{"line":11,"column":9}},"type":"if","locations":[{"start":{"line":9,"column":8},"end":{"line":11,"column":9}},{"start":{"line":9,"column":8},"end":{"line":11,"column":9}}],"line":9},"1":{"loc":{"start":{"line":35,"column":8},"end":{"line":35,"column":49}},"type":"if","locations":[{"start":{"line":35,"column":8},"end":{"line":35,"column":49}},{"start":{"line":35,"column":8},"end":{"line":35,"column":49}}],"line":35}},"s":{"0":3,"1":3,"2":3,"3":3,"4":3,"5":5,"6":5,"7":5,"8":1,"9":5,"10":5,"11":2,"12":3,"13":3,"14":6,"15":6,"16":6,"17":6,"18":3,"19":3,"20":3,"21":3,"22":1,"23":1,"24":1,"25":0,"26":1,"27":1,"28":1,"29":0,"30":3},"f":{"0":5,"1":6,"2":1,"3":1},"b":{"0":[1,4],"1":[0,1]},"_coverageSchema":"1a1c01bbd47fc00a2c39e90264f33305004495a9","hash":"cbe6179362074f2e3f74000cf530b11933efc040"}
,"/media/mahmoud/New Volume1/CMP 2021/4th year/1st term/Projects/Consultation/Match-Reservation-System/src/db/mongoose.js": {"path":"/media/mahmoud/New Volume1/CMP 2021/4th year/1st term/Projects/Consultation/Match-Reservation-System/src/db/mongoose.js","statementMap":{"0":{"start":{"line":1,"column":17},"end":{"line":1,"column":36}},"1":{"start":{"line":3,"column":0},"end":{"line":7,"column":2}}},"fnMap":{},"branchMap":{},"s":{"0":3,"1":3},"f":{},"b":{},"_coverageSchema":"1a1c01bbd47fc00a2c39e90264f33305004495a9","hash":"1b320c037785704f9437dc28c2fee1c8ad0b3a8b"}
,"/media/mahmoud/New Volume1/CMP 2021/4th year/1st term/Projects/Consultation/Match-Reservation-System/src/middleware/admin_auth.js": {"path":"/media/mahmoud/New Volume1/CMP 2021/4th year/1st term/Projects/Consultation/Match-Reservation-System/src/middleware/admin_auth.js","statementMap":{"0":{"start":{"line":1,"column":12},"end":{"line":1,"column":35}},"1":{"start":{"line":2,"column":14},"end":{"line":2,"column":50}},"2":{"start":{"line":4,"column":13},"end":{"line":18,"column":1}},"3":{"start":{"line":5,"column":4},"end":{"line":17,"column":5}},"4":{"start":{"line":6,"column":22},"end":{"line":6,"column":72}},"5":{"start":{"line":7,"column":24},"end":{"line":7,"column":65}},"6":{"start":{"line":8,"column":22},"end":{"line":8,"column":82}},"7":{"start":{"line":9,"column":8},"end":{"line":11,"column":9}},"8":{"start":{"line":10,"column":12},"end":{"line":10,"column":29}},"9":{"start":{"line":12,"column":8},"end":{"line":12,"column":25}},"10":{"start":{"line":13,"column":8},"end":{"line":13,"column":25}},"11":{"start":{"line":14,"column":8},"end":{"line":14,"column":14}},"12":{"start":{"line":16,"column":8},"end":{"line":16,"column":47}},"13":{"start":{"line":20,"column":0},"end":{"line":20,"column":21}}},"fnMap":{"0":{"name":"(anonymous_0)","decl":{"start":{"line":4,"column":13},"end":{"line":4,"column":14}},"loc":{"start":{"line":4,"column":39},"end":{"line":18,"column":1}},"line":4}},"branchMap":{"0":{"loc":{"start":{"line":9,"column":8},"end":{"line":11,"column":9}},"type":"if","locations":[{"start":{"line":9,"column":8},"end":{"line":11,"column":9}},{"start":{"line":9,"column":8},"end":{"line":11,"column":9}}],"line":9}},"s":{"0":3,"1":3,"2":3,"3":0,"4":0,"5":0,"6":0,"7":0,"8":0,"9":0,"10":0,"11":0,"12":0,"13":3},"f":{"0":0},"b":{"0":[0,0]},"_coverageSchema":"1a1c01bbd47fc00a2c39e90264f33305004495a9","hash":"17611d3b85563cccf7613da17467c6a08efa869b"}
,"/media/mahmoud/New Volume1/CMP 2021/4th year/1st term/Projects/Consultation/Match-Reservation-System/src/middleware/user_auth.js": {"path":"/media/mahmoud/New Volume1/CMP 2021/4th year/1st term/Projects/Consultation/Match-Reservation-System/src/middleware/user_auth.js","statementMap":{"0":{"start":{"line":1,"column":12},"end":{"line":1,"column":35}},"1":{"start":{"line":2,"column":13},"end":{"line":2,"column":41}},"2":{"start":{"line":3,"column":17},"end":{"line":3,"column":40}},"3":{"start":{"line":6,"column":13},"end":{"line":20,"column":1}},"4":{"start":{"line":7,"column":4},"end":{"line":19,"column":5}},"5":{"start":{"line":8,"column":22},"end":{"line":8,"column":72}},"6":{"start":{"line":9,"column":24},"end":{"line":9,"column":65}},"7":{"start":{"line":10,"column":21},"end":{"line":10,"column":87}},"8":{"start":{"line":11,"column":8},"end":{"line":13,"column":9}},"9":{"start":{"line":12,"column":12},"end":{"line":12,"column":53}},"10":{"start":{"line":14,"column":8},"end":{"line":14,"column":23}},"11":{"start":{"line":15,"column":8},"end":{"line":15,"column":25}},"12":{"start":{"line":16,"column":8},"end":{"line":16,"column":14}},"13":{"start":{"line":18,"column":8},"end":{"line":18,"column":69}},"14":{"start":{"line":22,"column":0},"end":{"line":22,"column":21}}},"fnMap":{"0":{"name":"(anonymous_0)","decl":{"start":{"line":6,"column":13},"end":{"line":6,"column":14}},"loc":{"start":{"line":6,"column":39},"end":{"line":20,"column":1}},"line":6}},"branchMap":{"0":{"loc":{"start":{"line":11,"column":8},"end":{"line":13,"column":9}},"type":"if","locations":[{"start":{"line":11,"column":8},"end":{"line":13,"column":9}},{"start":{"line":11,"column":8},"end":{"line":13,"column":9}}],"line":11}},"s":{"0":3,"1":3,"2":3,"3":3,"4":9,"5":9,"6":8,"7":8,"8":8,"9":0,"10":8,"11":8,"12":8,"13":1,"14":3},"f":{"0":9},"b":{"0":[0,8]},"_coverageSchema":"1a1c01bbd47fc00a2c39e90264f33305004495a9","hash":"80b0efa2e8e02a81b259a46531beb9c5deb4e02f"}
,"/media/mahmoud/New Volume1/CMP 2021/4th year/1st term/Projects/Consultation/Match-Reservation-System/src/models/Adminstrator.js": {"path":"/media/mahmoud/New Volume1/CMP 2021/4th year/1st term/Projects/Consultation/Match-Reservation-System/src/models/Adminstrator.js","statementMap":{"0":{"start":{"line":1,"column":17},"end":{"line":1,"column":36}},"1":{"start":{"line":2,"column":18},"end":{"line":2,"column":38}},"2":{"start":{"line":3,"column":15},"end":{"line":3,"column":32}},"3":{"start":{"line":4,"column":12},"end":{"line":4,"column":35}},"4":{"start":{"line":7,"column":0},"end":{"line":31,"column":2}},"5":{"start":{"line":15,"column":12},"end":{"line":17,"column":13}},"6":{"start":{"line":16,"column":16},"end":{"line":16,"column":49}},"7":{"start":{"line":25,"column":12},"end":{"line":27,"column":13}},"8":{"start":{"line":26,"column":16},"end":{"line":26,"column":79}},"9":{"start":{"line":34,"column":0},"end":{"line":39,"column":1}},"10":{"start":{"line":35,"column":18},"end":{"line":35,"column":33}},"11":{"start":{"line":36,"column":4},"end":{"line":36,"column":25}},"12":{"start":{"line":37,"column":4},"end":{"line":37,"column":22}},"13":{"start":{"line":38,"column":4},"end":{"line":38,"column":16}},"14":{"start":{"line":41,"column":0},"end":{"line":47,"column":2}},"15":{"start":{"line":42,"column":18},"end":{"line":42,"column":22}},"16":{"start":{"line":43,"column":4},"end":{"line":45,"column":5}},"17":{"start":{"line":44,"column":8},"end":{"line":44,"column":61}},"18":{"start":{"line":46,"column":4},"end":{"line":46,"column":10}},"19":{"start":{"line":49,"column":0},"end":{"line":59,"column":1}},"20":{"start":{"line":50,"column":18},"end":{"line":50,"column":48}},"21":{"start":{"line":51,"column":4},"end":{"line":53,"column":5}},"22":{"start":{"line":52,"column":8},"end":{"line":52,"column":39}},"23":{"start":{"line":54,"column":20},"end":{"line":54,"column":66}},"24":{"start":{"line":55,"column":4},"end":{"line":57,"column":5}},"25":{"start":{"line":56,"column":8},"end":{"line":56,"column":42}},"26":{"start":{"line":58,"column":4},"end":{"line":58,"column":16}},"27":{"start":{"line":61,"column":0},"end":{"line":67,"column":1}},"28":{"start":{"line":62,"column":18},"end":{"line":62,"column":22}},"29":{"start":{"line":63,"column":18},"end":{"line":63,"column":92}},"30":{"start":{"line":64,"column":4},"end":{"line":64,"column":23}},"31":{"start":{"line":65,"column":4},"end":{"line":65,"column":22}},"32":{"start":{"line":66,"column":4},"end":{"line":66,"column":16}},"33":{"start":{"line":70,"column":14},"end":{"line":70,"column":57}},"34":{"start":{"line":71,"column":0},"end":{"line":71,"column":22}}},"fnMap":{"0":{"name":"(anonymous_0)","decl":{"start":{"line":14,"column":8},"end":{"line":14,"column":9}},"loc":{"start":{"line":14,"column":23},"end":{"line":18,"column":9}},"line":14},"1":{"name":"(anonymous_1)","decl":{"start":{"line":24,"column":8},"end":{"line":24,"column":9}},"loc":{"start":{"line":24,"column":23},"end":{"line":28,"column":9}},"line":24},"2":{"name":"(anonymous_2)","decl":{"start":{"line":34,"column":29},"end":{"line":34,"column":30}},"loc":{"start":{"line":34,"column":39},"end":{"line":39,"column":1}},"line":34},"3":{"name":"(anonymous_3)","decl":{"start":{"line":41,"column":24},"end":{"line":41,"column":25}},"loc":{"start":{"line":41,"column":45},"end":{"line":47,"column":1}},"line":41},"4":{"name":"(anonymous_4)","decl":{"start":{"line":49,"column":40},"end":{"line":49,"column":41}},"loc":{"start":{"line":49,"column":67},"end":{"line":59,"column":1}},"line":49},"5":{"name":"(anonymous_5)","decl":{"start":{"line":61,"column":36},"end":{"line":61,"column":37}},"loc":{"start":{"line":61,"column":52},"end":{"line":67,"column":1}},"line":61}},"branchMap":{"0":{"loc":{"start":{"line":15,"column":12},"end":{"line":17,"column":13}},"type":"if","locations":[{"start":{"line":15,"column":12},"end":{"line":17,"column":13}},{"start":{"line":15,"column":12},"end":{"line":17,"column":13}}],"line":15},"1":{"loc":{"start":{"line":25,"column":12},"end":{"line":27,"column":13}},"type":"if","locations":[{"start":{"line":25,"column":12},"end":{"line":27,"column":13}},{"start":{"line":25,"column":12},"end":{"line":27,"column":13}}],"line":25},"2":{"loc":{"start":{"line":43,"column":4},"end":{"line":45,"column":5}},"type":"if","locations":[{"start":{"line":43,"column":4},"end":{"line":45,"column":5}},{"start":{"line":43,"column":4},"end":{"line":45,"column":5}}],"line":43},"3":{"loc":{"start":{"line":51,"column":4},"end":{"line":53,"column":5}},"type":"if","locations":[{"start":{"line":51,"column":4},"end":{"line":53,"column":5}},{"start":{"line":51,"column":4},"end":{"line":53,"column":5}}],"line":51},"4":{"loc":{"start":{"line":55,"column":4},"end":{"line":57,"column":5}},"type":"if","locations":[{"start":{"line":55,"column":4},"end":{"line":57,"column":5}},{"start":{"line":55,"column":4},"end":{"line":57,"column":5}}],"line":55}},"s":{"0":3,"1":3,"2":3,"3":3,"4":3,"5":0,"6":0,"7":0,"8":0,"9":3,"10":0,"11":0,"12":0,"13":0,"14":3,"15":0,"16":0,"17":0,"18":0,"19":3,"20":1,"21":1,"22":1,"23":0,"24":0,"25":0,"26":0,"27":3,"28":0,"29":0,"30":0,"31":0,"32":0,"33":3,"34":3},"f":{"0":0,"1":0,"2":0,"3":0,"4":1,"5":0},"b":{"0":[0,0],"1":[0,0],"2":[0,0],"3":[1,0],"4":[0,0]},"_coverageSchema":"1a1c01bbd47fc00a2c39e90264f33305004495a9","hash":"aad454acb75ab5d1ef0b00c67aab6d2617ab0dee"}
,"/media/mahmoud/New Volume1/CMP 2021/4th year/1st term/Projects/Consultation/Match-Reservation-System/src/models/Match.js": {"path":"/media/mahmoud/New Volume1/CMP 2021/4th year/1st term/Projects/Consultation/Match-Reservation-System/src/models/Match.js","statementMap":{"0":{"start":{"line":1,"column":17},"end":{"line":1,"column":36}},"1":{"start":{"line":2,"column":20},"end":{"line":2,"column":44}},"2":{"start":{"line":4,"column":20},"end":{"line":37,"column":2}},"3":{"start":{"line":39,"column":0},"end":{"line":43,"column":2}},"4":{"start":{"line":45,"column":0},"end":{"line":49,"column":2}},"5":{"start":{"line":46,"column":18},"end":{"line":46,"column":22}},"6":{"start":{"line":47,"column":4},"end":{"line":47,"column":53}},"7":{"start":{"line":48,"column":4},"end":{"line":48,"column":10}},"8":{"start":{"line":51,"column":14},"end":{"line":51,"column":50}},"9":{"start":{"line":52,"column":0},"end":{"line":52,"column":22}}},"fnMap":{"0":{"name":"(anonymous_0)","decl":{"start":{"line":45,"column":26},"end":{"line":45,"column":27}},"loc":{"start":{"line":45,"column":47},"end":{"line":49,"column":1}},"line":45}},"branchMap":{},"s":{"0":3,"1":3,"2":3,"3":3,"4":3,"5":0,"6":0,"7":0,"8":3,"9":3},"f":{"0":0},"b":{},"_coverageSchema":"1a1c01bbd47fc00a2c39e90264f33305004495a9","hash":"bd36cb62f6996e15bb7479ef12d11a694c912562"}
,"/media/mahmoud/New Volume1/CMP 2021/4th year/1st term/Projects/Consultation/Match-Reservation-System/src/models/Reservation.js": {"path":"/media/mahmoud/New Volume1/CMP 2021/4th year/1st term/Projects/Consultation/Match-Reservation-System/src/models/Reservation.js","statementMap":{"0":{"start":{"line":1,"column":21},"end":{"line":1,"column":40}},"1":{"start":{"line":3,"column":17},"end":{"line":3,"column":36}},"2":{"start":{"line":5,"column":25},"end":{"line":26,"column":2}},"3":{"start":{"line":28,"column":0},"end":{"line":28,"column":80}},"4":{"start":{"line":29,"column":20},"end":{"line":29,"column":67}},"5":{"start":{"line":30,"column":0},"end":{"line":30,"column":28}}},"fnMap":{},"branchMap":{},"s":{"0":3,"1":3,"2":3,"3":3,"4":3,"5":3},"f":{},"b":{},"_coverageSchema":"1a1c01bbd47fc00a2c39e90264f33305004495a9","hash":"84675488328c775dc12fd130be71a5bb1c474f92"}
,"/media/mahmoud/New Volume1/CMP 2021/4th year/1st term/Projects/Consultation/Match-Reservation-System/src/models/Stadium.js": {"path":"/media/mahmoud/New Volume1/CMP 2021/4th year/1st term/Projects/Consultation/Match-Reservation-System/src/models/Stadium.js","statementMap":{"0":{"start":{"line":1,"column":17},"end":{"line":1,"column":36}},"1":{"start":{"line":2,"column":14},"end":{"line":2,"column":32}},"2":{"start":{"line":4,"column":22},"end":{"line":18,"column":2}},"3":{"start":{"line":20,"column":0},"end":{"line":24,"column":3}},"4":{"start":{"line":26,"column":1},"end":{"line":30,"column":3}},"5":{"start":{"line":27,"column":21},"end":{"line":27,"column":25}},"6":{"start":{"line":28,"column":5},"end":{"line":28,"column":56}},"7":{"start":{"line":29,"column":5},"end":{"line":29,"column":11}},"8":{"start":{"line":32,"column":16},"end":{"line":32,"column":56}},"9":{"start":{"line":33,"column":0},"end":{"line":33,"column":24}}},"fnMap":{"0":{"name":"(anonymous_0)","decl":{"start":{"line":26,"column":29},"end":{"line":26,"column":30}},"loc":{"start":{"line":26,"column":45},"end":{"line":30,"column":2}},"line":26}},"branchMap":{},"s":{"0":3,"1":3,"2":3,"3":3,"4":3,"5":0,"6":0,"7":0,"8":3,"9":3},"f":{"0":0},"b":{},"_coverageSchema":"1a1c01bbd47fc00a2c39e90264f33305004495a9","hash":"1a2d7a3dedc1eab68e306d7d535acc8b2a94d9d7"}
,"/media/mahmoud/New Volume1/CMP 2021/4th year/1st term/Projects/Consultation/Match-Reservation-System/src/models/User.js": {"path":"/media/mahmoud/New Volume1/CMP 2021/4th year/1st term/Projects/Consultation/Match-Reservation-System/src/models/User.js","statementMap":{"0":{"start":{"line":1,"column":17},"end":{"line":1,"column":36}},"1":{"start":{"line":2,"column":18},"end":{"line":2,"column":38}},"2":{"start":{"line":3,"column":15},"end":{"line":3,"column":32}},"3":{"start":{"line":4,"column":12},"end":{"line":4,"column":35}},"4":{"start":{"line":5,"column":20},"end":{"line":5,"column":44}},"5":{"start":{"line":7,"column":19},"end":{"line":77,"column":2}},"6":{"start":{"line":30,"column":12},"end":{"line":32,"column":13}},"7":{"start":{"line":31,"column":16},"end":{"line":31,"column":49}},"8":{"start":{"line":40,"column":12},"end":{"line":42,"column":13}},"9":{"start":{"line":41,"column":16},"end":{"line":41,"column":79}},"10":{"start":{"line":80,"column":0},"end":{"line":85,"column":1}},"11":{"start":{"line":81,"column":17},"end":{"line":81,"column":32}},"12":{"start":{"line":82,"column":4},"end":{"line":82,"column":24}},"13":{"start":{"line":83,"column":4},"end":{"line":83,"column":22}},"14":{"start":{"line":84,"column":4},"end":{"line":84,"column":15}},"15":{"start":{"line":87,"column":0},"end":{"line":91,"column":2}},"16":{"start":{"line":93,"column":0},"end":{"line":99,"column":2}},"17":{"start":{"line":94,"column":17},"end":{"line":94,"column":21}},"18":{"start":{"line":95,"column":4},"end":{"line":97,"column":5}},"19":{"start":{"line":96,"column":8},"end":{"line":96,"column":59}},"20":{"start":{"line":98,"column":4},"end":{"line":98,"column":10}},"21":{"start":{"line":101,"column":0},"end":{"line":105,"column":2}},"22":{"start":{"line":102,"column":17},"end":{"line":102,"column":21}},"23":{"start":{"line":103,"column":4},"end":{"line":103,"column":52}},"24":{"start":{"line":104,"column":4},"end":{"line":104,"column":10}},"25":{"start":{"line":107,"column":0},"end":{"line":113,"column":1}},"26":{"start":{"line":108,"column":17},"end":{"line":108,"column":21}},"27":{"start":{"line":109,"column":18},"end":{"line":109,"column":91}},"28":{"start":{"line":110,"column":4},"end":{"line":110,"column":37}},"29":{"start":{"line":111,"column":4},"end":{"line":111,"column":21}},"30":{"start":{"line":112,"column":4},"end":{"line":112,"column":16}},"31":{"start":{"line":115,"column":0},"end":{"line":128,"column":1}},"32":{"start":{"line":116,"column":17},"end":{"line":116,"column":46}},"33":{"start":{"line":117,"column":4},"end":{"line":119,"column":5}},"34":{"start":{"line":118,"column":8},"end":{"line":118,"column":39}},"35":{"start":{"line":120,"column":20},"end":{"line":120,"column":65}},"36":{"start":{"line":121,"column":4},"end":{"line":123,"column":5}},"37":{"start":{"line":122,"column":8},"end":{"line":122,"column":42}},"38":{"start":{"line":124,"column":4},"end":{"line":126,"column":5}},"39":{"start":{"line":125,"column":8},"end":{"line":125,"column":75}},"40":{"start":{"line":127,"column":4},"end":{"line":127,"column":15}},"41":{"start":{"line":130,"column":13},"end":{"line":130,"column":47}},"42":{"start":{"line":131,"column":0},"end":{"line":131,"column":21}}},"fnMap":{"0":{"name":"(anonymous_0)","decl":{"start":{"line":29,"column":8},"end":{"line":29,"column":9}},"loc":{"start":{"line":29,"column":23},"end":{"line":33,"column":9}},"line":29},"1":{"name":"(anonymous_1)","decl":{"start":{"line":39,"column":8},"end":{"line":39,"column":9}},"loc":{"start":{"line":39,"column":23},"end":{"line":43,"column":9}},"line":39},"2":{"name":"(anonymous_2)","decl":{"start":{"line":80,"column":28},"end":{"line":80,"column":29}},"loc":{"start":{"line":80,"column":38},"end":{"line":85,"column":1}},"line":80},"3":{"name":"(anonymous_3)","decl":{"start":{"line":93,"column":23},"end":{"line":93,"column":24}},"loc":{"start":{"line":93,"column":44},"end":{"line":99,"column":1}},"line":93},"4":{"name":"(anonymous_4)","decl":{"start":{"line":101,"column":25},"end":{"line":101,"column":26}},"loc":{"start":{"line":101,"column":46},"end":{"line":105,"column":1}},"line":101},"5":{"name":"(anonymous_5)","decl":{"start":{"line":107,"column":35},"end":{"line":107,"column":36}},"loc":{"start":{"line":107,"column":52},"end":{"line":113,"column":1}},"line":107},"6":{"name":"(anonymous_6)","decl":{"start":{"line":115,"column":39},"end":{"line":115,"column":40}},"loc":{"start":{"line":115,"column":66},"end":{"line":128,"column":1}},"line":115}},"branchMap":{"0":{"loc":{"start":{"line":30,"column":12},"end":{"line":32,"column":13}},"type":"if","locations":[{"start":{"line":30,"column":12},"end":{"line":32,"column":13}},{"start":{"line":30,"column":12},"end":{"line":32,"column":13}}],"line":30},"1":{"loc":{"start":{"line":40,"column":12},"end":{"line":42,"column":13}},"type":"if","locations":[{"start":{"line":40,"column":12},"end":{"line":42,"column":13}},{"start":{"line":40,"column":12},"end":{"line":42,"column":13}}],"line":40},"2":{"loc":{"start":{"line":95,"column":4},"end":{"line":97,"column":5}},"type":"if","locations":[{"start":{"line":95,"column":4},"end":{"line":97,"column":5}},{"start":{"line":95,"column":4},"end":{"line":97,"column":5}}],"line":95},"3":{"loc":{"start":{"line":117,"column":4},"end":{"line":119,"column":5}},"type":"if","locations":[{"start":{"line":117,"column":4},"end":{"line":119,"column":5}},{"start":{"line":117,"column":4},"end":{"line":119,"column":5}}],"line":117},"4":{"loc":{"start":{"line":121,"column":4},"end":{"line":123,"column":5}},"type":"if","locations":[{"start":{"line":121,"column":4},"end":{"line":123,"column":5}},{"start":{"line":121,"column":4},"end":{"line":123,"column":5}}],"line":121},"5":{"loc":{"start":{"line":124,"column":4},"end":{"line":126,"column":5}},"type":"if","locations":[{"start":{"line":124,"column":4},"end":{"line":126,"column":5}},{"start":{"line":124,"column":4},"end":{"line":126,"column":5}}],"line":124}},"s":{"0":3,"1":3,"2":3,"3":3,"4":3,"5":3,"6":17,"7":1,"8":17,"9":1,"10":3,"11":5,"12":5,"13":5,"14":5,"15":3,"16":3,"17":14,"18":14,"19":10,"20":14,"21":3,"22":0,"23":0,"24":0,"25":3,"26":3,"27":3,"28":3,"29":3,"30":3,"31":3,"32":6,"33":6,"34":1,"35":5,"36":5,"37":1,"38":4,"39":1,"40":3,"41":3,"42":3},"f":{"0":17,"1":17,"2":5,"3":14,"4":0,"5":3,"6":6},"b":{"0":[1,16],"1":[1,16],"2":[10,4],"3":[1,5],"4":[1,4],"5":[1,3]},"_coverageSchema":"1a1c01bbd47fc00a2c39e90264f33305004495a9","hash":"bf2f01bcf6713bd07b476a869af8c4397b0f47f5"}
,"/media/mahmoud/New Volume1/CMP 2021/4th year/1st term/Projects/Consultation/Match-Reservation-System/src/routers/adminstrator.js": {"path":"/media/mahmoud/New Volume1/CMP 2021/4th year/1st term/Projects/Consultation/Match-Reservation-System/src/routers/adminstrator.js","statementMap":{"0":{"start":{"line":1,"column":16},"end":{"line":1,"column":34}},"1":{"start":{"line":2,"column":13},"end":{"line":2,"column":48}},"2":{"start":{"line":3,"column":15},"end":{"line":3,"column":35}},"3":{"start":{"line":4,"column":24},"end":{"line":4,"column":62}},"4":{"start":{"line":6,"column":0},"end":{"line":6,"column":64}},"5":{"start":{"line":7,"column":0},"end":{"line":7,"column":70}},"6":{"start":{"line":8,"column":0},"end":{"line":8,"column":77}},"7":{"start":{"line":9,"column":0},"end":{"line":9,"column":79}},"8":{"start":{"line":12,"column":0},"end":{"line":12,"column":54}},"9":{"start":{"line":14,"column":0},"end":{"line":14,"column":23}}},"fnMap":{},"branchMap":{},"s":{"0":3,"1":3,"2":3,"3":3,"4":3,"5":3,"6":3,"7":3,"8":3,"9":3},"f":{},"b":{},"_coverageSchema":"1a1c01bbd47fc00a2c39e90264f33305004495a9","hash":"3da83530f710c0e1046fd77b10b9251128c34cf1"}
,"/media/mahmoud/New Volume1/CMP 2021/4th year/1st term/Projects/Consultation/Match-Reservation-System/src/routers/fan.js": {"path":"/media/mahmoud/New Volume1/CMP 2021/4th year/1st term/Projects/Consultation/Match-Reservation-System/src/routers/fan.js","statementMap":{"0":{"start":{"line":1,"column":16},"end":{"line":1,"column":34}},"1":{"start":{"line":2,"column":15},"end":{"line":2,"column":35}},"2":{"start":{"line":3,"column":22},"end":{"line":3,"column":51}},"3":{"start":{"line":6,"column":0},"end":{"line":6,"column":23}}},"fnMap":{},"branchMap":{},"s":{"0":3,"1":3,"2":3,"3":3},"f":{},"b":{},"_coverageSchema":"1a1c01bbd47fc00a2c39e90264f33305004495a9","hash":"d388959a01290534245efa20a79683750705b20b"}
,"/media/mahmoud/New Volume1/CMP 2021/4th year/1st term/Projects/Consultation/Match-Reservation-System/src/routers/manager.js": {"path":"/media/mahmoud/New Volume1/CMP 2021/4th year/1st term/Projects/Consultation/Match-Reservation-System/src/routers/manager.js","statementMap":{"0":{"start":{"line":1,"column":16},"end":{"line":1,"column":34}},"1":{"start":{"line":2,"column":15},"end":{"line":2,"column":35}},"2":{"start":{"line":3,"column":26},"end":{"line":3,"column":59}},"3":{"start":{"line":4,"column":13},"end":{"line":4,"column":47}},"4":{"start":{"line":6,"column":0},"end":{"line":6,"column":64}},"5":{"start":{"line":7,"column":0},"end":{"line":10,"column":44}},"6":{"start":{"line":11,"column":0},"end":{"line":11,"column":68}},"7":{"start":{"line":12,"column":0},"end":{"line":12,"column":66}},"8":{"start":{"line":14,"column":0},"end":{"line":14,"column":23}}},"fnMap":{},"branchMap":{},"s":{"0":3,"1":3,"2":3,"3":3,"4":3,"5":3,"6":3,"7":3,"8":3},"f":{},"b":{},"_coverageSchema":"1a1c01bbd47fc00a2c39e90264f33305004495a9","hash":"2633b35a88e56f8820e3fc20e28e10fcaf450dec"}
,"/media/mahmoud/New Volume1/CMP 2021/4th year/1st term/Projects/Consultation/Match-Reservation-System/src/routers/user.js": {"path":"/media/mahmoud/New Volume1/CMP 2021/4th year/1st term/Projects/Consultation/Match-Reservation-System/src/routers/user.js","statementMap":{"0":{"start":{"line":1,"column":16},"end":{"line":1,"column":34}},"1":{"start":{"line":2,"column":15},"end":{"line":2,"column":35}},"2":{"start":{"line":3,"column":23},"end":{"line":3,"column":53}},"3":{"start":{"line":4,"column":13},"end":{"line":4,"column":47}},"4":{"start":{"line":6,"column":0},"end":{"line":6,"column":55}},"5":{"start":{"line":7,"column":0},"end":{"line":7,"column":55}},"6":{"start":{"line":8,"column":0},"end":{"line":8,"column":61}},"7":{"start":{"line":10,"column":0},"end":{"line":10,"column":23}}},"fnMap":{},"branchMap":{},"s":{"0":3,"1":3,"2":3,"3":3,"4":3,"5":3,"6":3,"7":3},"f":{},"b":{},"_coverageSchema":"1a1c01bbd47fc00a2c39e90264f33305004495a9","hash":"68e3a54ee5d488246f47a2f50bd93ad2b628f7f7"}
}
