{"/home/mazen/Vs Code projects/Match-Reservation-System/src/app.js": {"path":"/home/mazen/Vs Code projects/Match-Reservation-System/src/app.js","statementMap":{"0":{"start":{"line":1,"column":0},"end":{"line":1,"column":27}},"1":{"start":{"line":2,"column":16},"end":{"line":2,"column":34}},"2":{"start":{"line":3,"column":12},"end":{"line":3,"column":21}},"3":{"start":{"line":5,"column":18},"end":{"line":5,"column":45}},"4":{"start":{"line":6,"column":22},"end":{"line":6,"column":53}},"5":{"start":{"line":7,"column":20},"end":{"line":7,"column":48}},"6":{"start":{"line":8,"column":20},"end":{"line":8,"column":56}},"7":{"start":{"line":11,"column":0},"end":{"line":11,"column":23}},"8":{"start":{"line":12,"column":0},"end":{"line":12,"column":18}},"9":{"start":{"line":13,"column":0},"end":{"line":13,"column":22}},"10":{"start":{"line":14,"column":0},"end":{"line":14,"column":20}},"11":{"start":{"line":15,"column":0},"end":{"line":15,"column":20}},"12":{"start":{"line":17,"column":0},"end":{"line":17,"column":20}}},"fnMap":{},"branchMap":{},"s":{"0":4,"1":4,"2":4,"3":4,"4":4,"5":4,"6":4,"7":4,"8":4,"9":4,"10":4,"11":4,"12":4},"f":{},"b":{},"_coverageSchema":"1a1c01bbd47fc00a2c39e90264f33305004495a9","hash":"dffc478dbec66256bd81e8bd3986875981ffb46b"}
,"/home/mazen/Vs Code projects/Match-Reservation-System/src/app_error.js": {"path":"/home/mazen/Vs Code projects/Match-Reservation-System/src/app_error.js","statementMap":{"0":{"start":{"line":3,"column":6},"end":{"line":3,"column":21}},"1":{"start":{"line":4,"column":6},"end":{"line":4,"column":35}},"2":{"start":{"line":7,"column":0},"end":{"line":7,"column":26}}},"fnMap":{"0":{"name":"(anonymous_0)","decl":{"start":{"line":2,"column":4},"end":{"line":2,"column":5}},"loc":{"start":{"line":2,"column":37},"end":{"line":5,"column":5}},"line":2}},"branchMap":{},"s":{"0":6,"1":6,"2":4},"f":{"0":6},"b":{},"_coverageSchema":"1a1c01bbd47fc00a2c39e90264f33305004495a9","hash":"beac7e96cc6d2b0192996fa337379c71799be0eb"}
,"/home/mazen/Vs Code projects/Match-Reservation-System/src/controllers/adminstrator.js": {"path":"/home/mazen/Vs Code projects/Match-Reservation-System/src/controllers/adminstrator.js","statementMap":{"0":{"start":{"line":1,"column":13},"end":{"line":1,"column":41}},"1":{"start":{"line":2,"column":14},"end":{"line":2,"column":43}},"2":{"start":{"line":3,"column":16},"end":{"line":3,"column":47}},"3":{"start":{"line":4,"column":20},"end":{"line":4,"column":55}},"4":{"start":{"line":5,"column":14},"end":{"line":5,"column":50}},"5":{"start":{"line":8,"column":20},"end":{"line":18,"column":1}},"6":{"start":{"line":9,"column":4},"end":{"line":17,"column":5}},"7":{"start":{"line":10,"column":22},"end":{"line":10,"column":36}},"8":{"start":{"line":11,"column":25},"end":{"line":11,"column":42}},"9":{"start":{"line":12,"column":22},"end":{"line":12,"column":68}},"10":{"start":{"line":13,"column":22},"end":{"line":13,"column":49}},"11":{"start":{"line":14,"column":8},"end":{"line":14,"column":75}},"12":{"start":{"line":16,"column":8},"end":{"line":16,"column":69}},"13":{"start":{"line":20,"column":21},"end":{"line":31,"column":1}},"14":{"start":{"line":21,"column":19},"end":{"line":21,"column":32}},"15":{"start":{"line":22,"column":4},"end":{"line":30,"column":5}},"16":{"start":{"line":23,"column":21},"end":{"line":23,"column":92}},"17":{"start":{"line":24,"column":8},"end":{"line":26,"column":9}},"18":{"start":{"line":25,"column":12},"end":{"line":25,"column":84}},"19":{"start":{"line":27,"column":8},"end":{"line":27,"column":58}},"20":{"start":{"line":29,"column":8},"end":{"line":29,"column":69}},"21":{"start":{"line":33,"column":20},"end":{"line":42,"column":1}},"22":{"start":{"line":34,"column":18},"end":{"line":34,"column":27}},"23":{"start":{"line":35,"column":4},"end":{"line":35,"column":20}},"24":{"start":{"line":36,"column":4},"end":{"line":41,"column":5}},"25":{"start":{"line":37,"column":8},"end":{"line":37,"column":26}},"26":{"start":{"line":38,"column":8},"end":{"line":38,"column":30}},"27":{"start":{"line":40,"column":8},"end":{"line":40,"column":66}},"28":{"start":{"line":44,"column":19},"end":{"line":52,"column":1}},"29":{"start":{"line":45,"column":18},"end":{"line":45,"column":37}},"30":{"start":{"line":46,"column":4},"end":{"line":51,"column":5}},"31":{"start":{"line":47,"column":8},"end":{"line":47,"column":26}},"32":{"start":{"line":48,"column":8},"end":{"line":48,"column":35}},"33":{"start":{"line":50,"column":8},"end":{"line":50,"column":69}},"34":{"start":{"line":54,"column":19},"end":{"line":66,"column":1}},"35":{"start":{"line":55,"column":19},"end":{"line":55,"column":32}},"36":{"start":{"line":56,"column":4},"end":{"line":64,"column":5}},"37":{"start":{"line":57,"column":21},"end":{"line":57,"column":57}},"38":{"start":{"line":58,"column":8},"end":{"line":60,"column":9}},"39":{"start":{"line":59,"column":12},"end":{"line":59,"column":84}},"40":{"start":{"line":61,"column":8},"end":{"line":61,"column":58}},"41":{"start":{"line":63,"column":8},"end":{"line":63,"column":65}},"42":{"start":{"line":68,"column":0},"end":{"line":74,"column":1}}},"fnMap":{"0":{"name":"(anonymous_0)","decl":{"start":{"line":8,"column":20},"end":{"line":8,"column":21}},"loc":{"start":{"line":8,"column":40},"end":{"line":18,"column":1}},"line":8},"1":{"name":"(anonymous_1)","decl":{"start":{"line":20,"column":21},"end":{"line":20,"column":22}},"loc":{"start":{"line":20,"column":41},"end":{"line":31,"column":1}},"line":20},"2":{"name":"(anonymous_2)","decl":{"start":{"line":33,"column":20},"end":{"line":33,"column":21}},"loc":{"start":{"line":33,"column":40},"end":{"line":42,"column":1}},"line":33},"3":{"name":"(anonymous_3)","decl":{"start":{"line":44,"column":19},"end":{"line":44,"column":20}},"loc":{"start":{"line":44,"column":39},"end":{"line":52,"column":1}},"line":44},"4":{"name":"(anonymous_4)","decl":{"start":{"line":54,"column":19},"end":{"line":54,"column":20}},"loc":{"start":{"line":54,"column":39},"end":{"line":66,"column":1}},"line":54}},"branchMap":{"0":{"loc":{"start":{"line":24,"column":8},"end":{"line":26,"column":9}},"type":"if","locations":[{"start":{"line":24,"column":8},"end":{"line":26,"column":9}},{"start":{"line":24,"column":8},"end":{"line":26,"column":9}}],"line":24},"1":{"loc":{"start":{"line":58,"column":8},"end":{"line":60,"column":9}},"type":"if","locations":[{"start":{"line":58,"column":8},"end":{"line":60,"column":9}},{"start":{"line":58,"column":8},"end":{"line":60,"column":9}}],"line":58}},"s":{"0":4,"1":4,"2":4,"3":4,"4":4,"5":4,"6":3,"7":3,"8":3,"9":3,"10":1,"11":1,"12":2,"13":4,"14":3,"15":3,"16":3,"17":2,"18":1,"19":1,"20":1,"21":4,"22":1,"23":1,"24":1,"25":1,"26":1,"27":0,"28":4,"29":2,"30":2,"31":2,"32":1,"33":1,"34":4,"35":3,"36":3,"37":3,"38":2,"39":1,"40":1,"41":1,"42":4},"f":{"0":3,"1":3,"2":1,"3":2,"4":3},"b":{"0":[1,1],"1":[1,1]},"_coverageSchema":"1a1c01bbd47fc00a2c39e90264f33305004495a9","hash":"cc959902894505ee8bbac3a8424ed4834d864b52"}
,"/home/mazen/Vs Code projects/Match-Reservation-System/src/controllers/fan.js": {"path":"/home/mazen/Vs Code projects/Match-Reservation-System/src/controllers/fan.js","statementMap":{"0":{"start":{"line":1,"column":13},"end":{"line":1,"column":41}},"1":{"start":{"line":2,"column":0},"end":{"line":2,"column":37}},"2":{"start":{"line":3,"column":16},"end":{"line":3,"column":47}},"3":{"start":{"line":4,"column":20},"end":{"line":4,"column":55}},"4":{"start":{"line":5,"column":19},"end":{"line":5,"column":54}},"5":{"start":{"line":6,"column":17},"end":{"line":6,"column":36}},"6":{"start":{"line":7,"column":18},"end":{"line":7,"column":36}},"7":{"start":{"line":9,"column":21},"end":{"line":25,"column":1}},"8":{"start":{"line":10,"column":20},"end":{"line":10,"column":41}},"9":{"start":{"line":12,"column":4},"end":{"line":13,"column":52}},"10":{"start":{"line":14,"column":24},"end":{"line":14,"column":82}},"11":{"start":{"line":14,"column":50},"end":{"line":14,"column":81}},"12":{"start":{"line":15,"column":4},"end":{"line":17,"column":5}},"13":{"start":{"line":16,"column":8},"end":{"line":16,"column":61}},"14":{"start":{"line":18,"column":4},"end":{"line":24,"column":5}},"15":{"start":{"line":19,"column":8},"end":{"line":19,"column":72}},"16":{"start":{"line":19,"column":36},"end":{"line":19,"column":71}},"17":{"start":{"line":20,"column":8},"end":{"line":20,"column":29}},"18":{"start":{"line":21,"column":8},"end":{"line":21,"column":38}},"19":{"start":{"line":23,"column":8},"end":{"line":23,"column":31}},"20":{"start":{"line":26,"column":22},"end":{"line":33,"column":1}},"21":{"start":{"line":27,"column":4},"end":{"line":32,"column":5}},"22":{"start":{"line":28,"column":4},"end":{"line":28,"column":35}},"23":{"start":{"line":29,"column":4},"end":{"line":29,"column":46}},"24":{"start":{"line":31,"column":8},"end":{"line":31,"column":60}},"25":{"start":{"line":34,"column":19},"end":{"line":87,"column":3}},"26":{"start":{"line":35,"column":20},"end":{"line":35,"column":49}},"27":{"start":{"line":36,"column":4},"end":{"line":36,"column":30}},"28":{"start":{"line":37,"column":4},"end":{"line":86,"column":5}},"29":{"start":{"line":38,"column":18},"end":{"line":38,"column":35}},"30":{"start":{"line":39,"column":18},"end":{"line":39,"column":35}},"31":{"start":{"line":40,"column":6},"end":{"line":40,"column":15}},"32":{"start":{"line":41,"column":6},"end":{"line":61,"column":7}},"33":{"start":{"line":42,"column":8},"end":{"line":42,"column":46}},"34":{"start":{"line":43,"column":8},"end":{"line":43,"column":42}},"35":{"start":{"line":44,"column":8},"end":{"line":44,"column":74}},"36":{"start":{"line":45,"column":18},"end":{"line":45,"column":20}},"37":{"start":{"line":46,"column":8},"end":{"line":46,"column":23}},"38":{"start":{"line":47,"column":8},"end":{"line":47,"column":32}},"39":{"start":{"line":48,"column":19},"end":{"line":48,"column":21}},"40":{"start":{"line":49,"column":8},"end":{"line":49,"column":32}},"41":{"start":{"line":50,"column":8},"end":{"line":50,"column":94}},"42":{"start":{"line":52,"column":8},"end":{"line":52,"column":46}},"43":{"start":{"line":53,"column":8},"end":{"line":53,"column":42}},"44":{"start":{"line":54,"column":8},"end":{"line":54,"column":68}},"45":{"start":{"line":55,"column":18},"end":{"line":55,"column":20}},"46":{"start":{"line":56,"column":8},"end":{"line":56,"column":23}},"47":{"start":{"line":57,"column":8},"end":{"line":57,"column":29}},"48":{"start":{"line":58,"column":19},"end":{"line":58,"column":21}},"49":{"start":{"line":59,"column":8},"end":{"line":59,"column":29}},"50":{"start":{"line":60,"column":8},"end":{"line":60,"column":95}},"51":{"start":{"line":62,"column":6},"end":{"line":62,"column":57}},"52":{"start":{"line":62,"column":17},"end":{"line":62,"column":57}},"53":{"start":{"line":64,"column":26},"end":{"line":64,"column":57}},"54":{"start":{"line":66,"column":26},"end":{"line":66,"column":36}},"55":{"start":{"line":67,"column":24},"end":{"line":67,"column":45}},"56":{"start":{"line":68,"column":6},"end":{"line":70,"column":7}},"57":{"start":{"line":69,"column":8},"end":{"line":69,"column":92}},"58":{"start":{"line":69,"column":48},"end":{"line":69,"column":77}},"59":{"start":{"line":69,"column":77},"end":{"line":69,"column":87}},"60":{"start":{"line":72,"column":6},"end":{"line":72,"column":89}},"61":{"start":{"line":73,"column":6},"end":{"line":73,"column":52}},"62":{"start":{"line":74,"column":6},"end":{"line":74,"column":30}},"63":{"start":{"line":76,"column":6},"end":{"line":76,"column":39}},"64":{"start":{"line":78,"column":6},"end":{"line":78,"column":55}},"65":{"start":{"line":81,"column":6},"end":{"line":81,"column":38}},"66":{"start":{"line":82,"column":6},"end":{"line":82,"column":58}},"67":{"start":{"line":85,"column":6},"end":{"line":85,"column":26}},"68":{"start":{"line":88,"column":28},"end":{"line":118,"column":3}},"69":{"start":{"line":89,"column":6},"end":{"line":117,"column":7}},"70":{"start":{"line":90,"column":8},"end":{"line":90,"column":46}},"71":{"start":{"line":91,"column":8},"end":{"line":91,"column":51}},"72":{"start":{"line":92,"column":28},"end":{"line":92,"column":58}},"73":{"start":{"line":93,"column":16},"end":{"line":93,"column":26}},"74":{"start":{"line":94,"column":16},"end":{"line":94,"column":47}},"75":{"start":{"line":95,"column":19},"end":{"line":95,"column":50}},"76":{"start":{"line":96,"column":8},"end":{"line":96,"column":34}},"77":{"start":{"line":97,"column":8},"end":{"line":97,"column":34}},"78":{"start":{"line":98,"column":8},"end":{"line":114,"column":9}},"79":{"start":{"line":99,"column":22},"end":{"line":99,"column":24}},"80":{"start":{"line":100,"column":23},"end":{"line":100,"column":25}},"81":{"start":{"line":101,"column":12},"end":{"line":101,"column":56}},"82":{"start":{"line":102,"column":12},"end":{"line":108,"column":13}},"83":{"start":{"line":103,"column":16},"end":{"line":103,"column":82}},"84":{"start":{"line":104,"column":16},"end":{"line":104,"column":41}},"85":{"start":{"line":106,"column":16},"end":{"line":106,"column":76}},"86":{"start":{"line":107,"column":16},"end":{"line":107,"column":38}},"87":{"start":{"line":109,"column":12},"end":{"line":109,"column":99}},"88":{"start":{"line":110,"column":12},"end":{"line":110,"column":51}},"89":{"start":{"line":111,"column":12},"end":{"line":111,"column":56}},"90":{"start":{"line":113,"column":12},"end":{"line":113,"column":52}},"91":{"start":{"line":116,"column":8},"end":{"line":116,"column":60}},"92":{"start":{"line":123,"column":0},"end":{"line":128,"column":1}}},"fnMap":{"0":{"name":"(anonymous_0)","decl":{"start":{"line":9,"column":21},"end":{"line":9,"column":22}},"loc":{"start":{"line":9,"column":40},"end":{"line":25,"column":1}},"line":9},"1":{"name":"(anonymous_1)","decl":{"start":{"line":14,"column":38},"end":{"line":14,"column":39}},"loc":{"start":{"line":14,"column":50},"end":{"line":14,"column":81}},"line":14},"2":{"name":"(anonymous_2)","decl":{"start":{"line":19,"column":24},"end":{"line":19,"column":25}},"loc":{"start":{"line":19,"column":36},"end":{"line":19,"column":71}},"line":19},"3":{"name":"(anonymous_3)","decl":{"start":{"line":26,"column":22},"end":{"line":26,"column":23}},"loc":{"start":{"line":26,"column":38},"end":{"line":33,"column":1}},"line":26},"4":{"name":"(anonymous_4)","decl":{"start":{"line":34,"column":19},"end":{"line":34,"column":20}},"loc":{"start":{"line":34,"column":45},"end":{"line":87,"column":3}},"line":34},"5":{"name":"(anonymous_5)","decl":{"start":{"line":68,"column":17},"end":{"line":68,"column":18}},"loc":{"start":{"line":68,"column":28},"end":{"line":70,"column":7}},"line":68},"6":{"name":"(anonymous_6)","decl":{"start":{"line":69,"column":34},"end":{"line":69,"column":35}},"loc":{"start":{"line":69,"column":47},"end":{"line":69,"column":88}},"line":69},"7":{"name":"(anonymous_7)","decl":{"start":{"line":88,"column":28},"end":{"line":88,"column":29}},"loc":{"start":{"line":88,"column":47},"end":{"line":118,"column":3}},"line":88}},"branchMap":{"0":{"loc":{"start":{"line":15,"column":4},"end":{"line":17,"column":5}},"type":"if","locations":[{"start":{"line":15,"column":4},"end":{"line":17,"column":5}},{"start":{"line":15,"column":4},"end":{"line":17,"column":5}}],"line":15},"1":{"loc":{"start":{"line":41,"column":6},"end":{"line":61,"column":7}},"type":"if","locations":[{"start":{"line":41,"column":6},"end":{"line":61,"column":7}},{"start":{"line":41,"column":6},"end":{"line":61,"column":7}}],"line":41},"2":{"loc":{"start":{"line":62,"column":6},"end":{"line":62,"column":57}},"type":"if","locations":[{"start":{"line":62,"column":6},"end":{"line":62,"column":57}},{"start":{"line":62,"column":6},"end":{"line":62,"column":57}}],"line":62},"3":{"loc":{"start":{"line":98,"column":8},"end":{"line":114,"column":9}},"type":"if","locations":[{"start":{"line":98,"column":8},"end":{"line":114,"column":9}},{"start":{"line":98,"column":8},"end":{"line":114,"column":9}}],"line":98},"4":{"loc":{"start":{"line":102,"column":12},"end":{"line":108,"column":13}},"type":"if","locations":[{"start":{"line":102,"column":12},"end":{"line":108,"column":13}},{"start":{"line":102,"column":12},"end":{"line":108,"column":13}}],"line":102}},"s":{"0":4,"1":4,"2":4,"3":4,"4":4,"5":4,"6":4,"7":4,"8":3,"9":3,"10":3,"11":3,"12":3,"13":1,"14":2,"15":2,"16":2,"17":2,"18":1,"19":1,"20":4,"21":1,"22":1,"23":1,"24":0,"25":4,"26":3,"27":3,"28":3,"29":3,"30":3,"31":3,"32":3,"33":2,"34":2,"35":2,"36":2,"37":2,"38":2,"39":2,"40":2,"41":2,"42":1,"43":1,"44":1,"45":1,"46":1,"47":1,"48":1,"49":1,"50":1,"51":3,"52":1,"53":2,"54":2,"55":2,"56":2,"57":2,"58":69,"59":69,"60":2,"61":2,"62":2,"63":1,"64":1,"65":2,"66":2,"67":3,"68":4,"69":4,"70":4,"71":4,"72":3,"73":3,"74":3,"75":3,"76":3,"77":3,"78":3,"79":2,"80":2,"81":2,"82":2,"83":1,"84":1,"85":1,"86":1,"87":2,"88":2,"89":2,"90":1,"91":1,"92":4},"f":{"0":3,"1":3,"2":2,"3":1,"4":3,"5":2,"6":69,"7":4},"b":{"0":[1,2],"1":[2,1],"2":[1,2],"3":[2,1],"4":[1,1]},"_coverageSchema":"1a1c01bbd47fc00a2c39e90264f33305004495a9","hash":"62062d3a079e719dc836bcadffdddd87f805ad1f"}
,"/home/mazen/Vs Code projects/Match-Reservation-System/src/controllers/manager.js": {"path":"/home/mazen/Vs Code projects/Match-Reservation-System/src/controllers/manager.js","statementMap":{"0":{"start":{"line":1,"column":13},"end":{"line":1,"column":41}},"1":{"start":{"line":2,"column":14},"end":{"line":2,"column":43}},"2":{"start":{"line":3,"column":16},"end":{"line":3,"column":47}},"3":{"start":{"line":4,"column":20},"end":{"line":4,"column":55}},"4":{"start":{"line":5,"column":17},"end":{"line":5,"column":36}},"5":{"start":{"line":6,"column":17},"end":{"line":6,"column":40}},"6":{"start":{"line":8,"column":18},"end":{"line":38,"column":1}},"7":{"start":{"line":9,"column":4},"end":{"line":37,"column":5}},"8":{"start":{"line":10,"column":8},"end":{"line":11,"column":78}},"9":{"start":{"line":11,"column":12},"end":{"line":11,"column":78}},"10":{"start":{"line":12,"column":22},"end":{"line":12,"column":41}},"11":{"start":{"line":14,"column":24},"end":{"line":14,"column":65}},"12":{"start":{"line":16,"column":26},"end":{"line":16,"column":47}},"13":{"start":{"line":17,"column":23},"end":{"line":17,"column":53}},"14":{"start":{"line":18,"column":26},"end":{"line":18,"column":50}},"15":{"start":{"line":19,"column":23},"end":{"line":19,"column":44}},"16":{"start":{"line":22,"column":8},"end":{"line":23,"column":55}},"17":{"start":{"line":23,"column":8},"end":{"line":23,"column":54}},"18":{"start":{"line":23,"column":48},"end":{"line":23,"column":53}},"19":{"start":{"line":26,"column":8},"end":{"line":27,"column":52}},"20":{"start":{"line":27,"column":8},"end":{"line":27,"column":51}},"21":{"start":{"line":27,"column":45},"end":{"line":27,"column":50}},"22":{"start":{"line":29,"column":8},"end":{"line":29,"column":46}},"23":{"start":{"line":30,"column":8},"end":{"line":30,"column":40}},"24":{"start":{"line":32,"column":8},"end":{"line":32,"column":27}},"25":{"start":{"line":33,"column":8},"end":{"line":33,"column":46}},"26":{"start":{"line":36,"column":8},"end":{"line":36,"column":68}},"27":{"start":{"line":40,"column":17},"end":{"line":50,"column":1}},"28":{"start":{"line":41,"column":4},"end":{"line":49,"column":5}},"29":{"start":{"line":42,"column":22},"end":{"line":42,"column":62}},"30":{"start":{"line":43,"column":8},"end":{"line":44,"column":71}},"31":{"start":{"line":44,"column":12},"end":{"line":44,"column":71}},"32":{"start":{"line":45,"column":8},"end":{"line":45,"column":45}},"33":{"start":{"line":48,"column":8},"end":{"line":48,"column":68}},"34":{"start":{"line":52,"column":18},"end":{"line":65,"column":1}},"35":{"start":{"line":53,"column":4},"end":{"line":64,"column":5}},"36":{"start":{"line":54,"column":8},"end":{"line":55,"column":78}},"37":{"start":{"line":55,"column":12},"end":{"line":55,"column":78}},"38":{"start":{"line":56,"column":22},"end":{"line":56,"column":62}},"39":{"start":{"line":57,"column":8},"end":{"line":58,"column":71}},"40":{"start":{"line":58,"column":12},"end":{"line":58,"column":71}},"41":{"start":{"line":59,"column":29},"end":{"line":59,"column":107}},"42":{"start":{"line":60,"column":8},"end":{"line":60,"column":52}},"43":{"start":{"line":63,"column":8},"end":{"line":63,"column":67}},"44":{"start":{"line":67,"column":19},"end":{"line":78,"column":1}},"45":{"start":{"line":68,"column":4},"end":{"line":77,"column":5}},"46":{"start":{"line":69,"column":8},"end":{"line":70,"column":78}},"47":{"start":{"line":70,"column":12},"end":{"line":70,"column":78}},"48":{"start":{"line":71,"column":24},"end":{"line":71,"column":45}},"49":{"start":{"line":72,"column":8},"end":{"line":72,"column":29}},"50":{"start":{"line":73,"column":8},"end":{"line":73,"column":49}},"51":{"start":{"line":76,"column":8},"end":{"line":76,"column":68}},"52":{"start":{"line":80,"column":17},"end":{"line":90,"column":1}},"53":{"start":{"line":81,"column":4},"end":{"line":89,"column":5}},"54":{"start":{"line":82,"column":22},"end":{"line":82,"column":62}},"55":{"start":{"line":83,"column":8},"end":{"line":84,"column":71}},"56":{"start":{"line":84,"column":12},"end":{"line":84,"column":71}},"57":{"start":{"line":85,"column":8},"end":{"line":85,"column":89}},"58":{"start":{"line":88,"column":8},"end":{"line":88,"column":67}},"59":{"start":{"line":92,"column":0},"end":{"line":98,"column":1}}},"fnMap":{"0":{"name":"(anonymous_0)","decl":{"start":{"line":8,"column":18},"end":{"line":8,"column":19}},"loc":{"start":{"line":8,"column":38},"end":{"line":38,"column":1}},"line":8},"1":{"name":"(anonymous_1)","decl":{"start":{"line":22,"column":42},"end":{"line":22,"column":43}},"loc":{"start":{"line":23,"column":8},"end":{"line":23,"column":54}},"line":23},"2":{"name":"(anonymous_2)","decl":{"start":{"line":23,"column":42},"end":{"line":23,"column":43}},"loc":{"start":{"line":23,"column":48},"end":{"line":23,"column":53}},"line":23},"3":{"name":"(anonymous_3)","decl":{"start":{"line":26,"column":39},"end":{"line":26,"column":40}},"loc":{"start":{"line":27,"column":8},"end":{"line":27,"column":51}},"line":27},"4":{"name":"(anonymous_4)","decl":{"start":{"line":27,"column":39},"end":{"line":27,"column":40}},"loc":{"start":{"line":27,"column":45},"end":{"line":27,"column":50}},"line":27},"5":{"name":"(anonymous_5)","decl":{"start":{"line":40,"column":17},"end":{"line":40,"column":18}},"loc":{"start":{"line":40,"column":37},"end":{"line":50,"column":1}},"line":40},"6":{"name":"(anonymous_6)","decl":{"start":{"line":52,"column":18},"end":{"line":52,"column":19}},"loc":{"start":{"line":52,"column":38},"end":{"line":65,"column":1}},"line":52},"7":{"name":"(anonymous_7)","decl":{"start":{"line":67,"column":19},"end":{"line":67,"column":20}},"loc":{"start":{"line":67,"column":39},"end":{"line":78,"column":1}},"line":67},"8":{"name":"(anonymous_8)","decl":{"start":{"line":80,"column":17},"end":{"line":80,"column":18}},"loc":{"start":{"line":80,"column":37},"end":{"line":90,"column":1}},"line":80}},"branchMap":{"0":{"loc":{"start":{"line":10,"column":8},"end":{"line":11,"column":78}},"type":"if","locations":[{"start":{"line":10,"column":8},"end":{"line":11,"column":78}},{"start":{"line":10,"column":8},"end":{"line":11,"column":78}}],"line":10},"1":{"loc":{"start":{"line":43,"column":8},"end":{"line":44,"column":71}},"type":"if","locations":[{"start":{"line":43,"column":8},"end":{"line":44,"column":71}},{"start":{"line":43,"column":8},"end":{"line":44,"column":71}}],"line":43},"2":{"loc":{"start":{"line":54,"column":8},"end":{"line":55,"column":78}},"type":"if","locations":[{"start":{"line":54,"column":8},"end":{"line":55,"column":78}},{"start":{"line":54,"column":8},"end":{"line":55,"column":78}}],"line":54},"3":{"loc":{"start":{"line":57,"column":8},"end":{"line":58,"column":71}},"type":"if","locations":[{"start":{"line":57,"column":8},"end":{"line":58,"column":71}},{"start":{"line":57,"column":8},"end":{"line":58,"column":71}}],"line":57},"4":{"loc":{"start":{"line":69,"column":8},"end":{"line":70,"column":78}},"type":"if","locations":[{"start":{"line":69,"column":8},"end":{"line":70,"column":78}},{"start":{"line":69,"column":8},"end":{"line":70,"column":78}}],"line":69},"5":{"loc":{"start":{"line":83,"column":8},"end":{"line":84,"column":71}},"type":"if","locations":[{"start":{"line":83,"column":8},"end":{"line":84,"column":71}},{"start":{"line":83,"column":8},"end":{"line":84,"column":71}}],"line":83}},"s":{"0":4,"1":4,"2":4,"3":4,"4":4,"5":4,"6":4,"7":2,"8":2,"9":1,"10":1,"11":1,"12":1,"13":1,"14":1,"15":1,"16":1,"17":100,"18":10000,"19":1,"20":10,"21":100,"22":1,"23":1,"24":1,"25":1,"26":1,"27":4,"28":2,"29":2,"30":2,"31":1,"32":1,"33":1,"34":4,"35":3,"36":3,"37":1,"38":2,"39":2,"40":1,"41":1,"42":1,"43":2,"44":4,"45":2,"46":2,"47":1,"48":1,"49":1,"50":1,"51":1,"52":4,"53":2,"54":2,"55":2,"56":1,"57":1,"58":1,"59":4},"f":{"0":2,"1":100,"2":10000,"3":10,"4":100,"5":2,"6":3,"7":2,"8":2},"b":{"0":[1,1],"1":[1,1],"2":[1,2],"3":[1,1],"4":[1,1],"5":[1,1]},"_coverageSchema":"1a1c01bbd47fc00a2c39e90264f33305004495a9","hash":"da2c58e6709b7beb9e2673b5e92de75e548f9dd1"}
,"/home/mazen/Vs Code projects/Match-Reservation-System/src/controllers/user.js": {"path":"/home/mazen/Vs Code projects/Match-Reservation-System/src/controllers/user.js","statementMap":{"0":{"start":{"line":1,"column":13},"end":{"line":1,"column":41}},"1":{"start":{"line":2,"column":14},"end":{"line":2,"column":43}},"2":{"start":{"line":3,"column":16},"end":{"line":3,"column":47}},"3":{"start":{"line":4,"column":20},"end":{"line":4,"column":55}},"4":{"start":{"line":6,"column":20},"end":{"line":18,"column":1}},"5":{"start":{"line":7,"column":4},"end":{"line":17,"column":5}},"6":{"start":{"line":8,"column":22},"end":{"line":8,"column":37}},"7":{"start":{"line":9,"column":8},"end":{"line":11,"column":9}},"8":{"start":{"line":10,"column":12},"end":{"line":10,"column":34}},"9":{"start":{"line":12,"column":21},"end":{"line":12,"column":36}},"10":{"start":{"line":13,"column":8},"end":{"line":13,"column":25}},"11":{"start":{"line":14,"column":8},"end":{"line":14,"column":58}},"12":{"start":{"line":16,"column":8},"end":{"line":16,"column":72}},"13":{"start":{"line":20,"column":19},"end":{"line":30,"column":1}},"14":{"start":{"line":21,"column":4},"end":{"line":29,"column":5}},"15":{"start":{"line":22,"column":22},"end":{"line":22,"column":36}},"16":{"start":{"line":23,"column":25},"end":{"line":23,"column":42}},"17":{"start":{"line":24,"column":21},"end":{"line":24,"column":66}},"18":{"start":{"line":25,"column":22},"end":{"line":25,"column":48}},"19":{"start":{"line":26,"column":8},"end":{"line":26,"column":73}},"20":{"start":{"line":28,"column":8},"end":{"line":28,"column":69}},"21":{"start":{"line":32,"column":19},"end":{"line":44,"column":1}},"22":{"start":{"line":33,"column":17},"end":{"line":33,"column":25}},"23":{"start":{"line":34,"column":4},"end":{"line":36,"column":6}},"24":{"start":{"line":35,"column":8},"end":{"line":35,"column":49}},"25":{"start":{"line":35,"column":38},"end":{"line":35,"column":49}},"26":{"start":{"line":37,"column":4},"end":{"line":42,"column":5}},"27":{"start":{"line":38,"column":8},"end":{"line":38,"column":25}},"28":{"start":{"line":39,"column":8},"end":{"line":39,"column":30}},"29":{"start":{"line":41,"column":8},"end":{"line":41,"column":30}},"30":{"start":{"line":46,"column":0},"end":{"line":50,"column":1}}},"fnMap":{"0":{"name":"(anonymous_0)","decl":{"start":{"line":6,"column":20},"end":{"line":6,"column":21}},"loc":{"start":{"line":6,"column":40},"end":{"line":18,"column":1}},"line":6},"1":{"name":"(anonymous_1)","decl":{"start":{"line":20,"column":19},"end":{"line":20,"column":20}},"loc":{"start":{"line":20,"column":39},"end":{"line":30,"column":1}},"line":20},"2":{"name":"(anonymous_2)","decl":{"start":{"line":32,"column":19},"end":{"line":32,"column":20}},"loc":{"start":{"line":32,"column":39},"end":{"line":44,"column":1}},"line":32},"3":{"name":"(anonymous_3)","decl":{"start":{"line":34,"column":38},"end":{"line":34,"column":39}},"loc":{"start":{"line":34,"column":49},"end":{"line":36,"column":5}},"line":34}},"branchMap":{"0":{"loc":{"start":{"line":9,"column":8},"end":{"line":11,"column":9}},"type":"if","locations":[{"start":{"line":9,"column":8},"end":{"line":11,"column":9}},{"start":{"line":9,"column":8},"end":{"line":11,"column":9}}],"line":9},"1":{"loc":{"start":{"line":35,"column":8},"end":{"line":35,"column":49}},"type":"if","locations":[{"start":{"line":35,"column":8},"end":{"line":35,"column":49}},{"start":{"line":35,"column":8},"end":{"line":35,"column":49}}],"line":35}},"s":{"0":4,"1":4,"2":4,"3":4,"4":4,"5":5,"6":5,"7":5,"8":1,"9":5,"10":5,"11":2,"12":3,"13":4,"14":7,"15":7,"16":7,"17":7,"18":4,"19":4,"20":3,"21":4,"22":1,"23":1,"24":1,"25":0,"26":1,"27":1,"28":1,"29":0,"30":4},"f":{"0":5,"1":7,"2":1,"3":1},"b":{"0":[1,4],"1":[0,1]},"_coverageSchema":"1a1c01bbd47fc00a2c39e90264f33305004495a9","hash":"857feca1d08dd7a67f21e677d37ac322d607c9e1"}
,"/home/mazen/Vs Code projects/Match-Reservation-System/src/db/mongoose.js": {"path":"/home/mazen/Vs Code projects/Match-Reservation-System/src/db/mongoose.js","statementMap":{"0":{"start":{"line":1,"column":17},"end":{"line":1,"column":36}},"1":{"start":{"line":3,"column":0},"end":{"line":7,"column":2}}},"fnMap":{},"branchMap":{},"s":{"0":4,"1":4},"f":{},"b":{},"_coverageSchema":"1a1c01bbd47fc00a2c39e90264f33305004495a9","hash":"84f833cd502df1dbd01a37483da85c583100a657"}
,"/home/mazen/Vs Code projects/Match-Reservation-System/src/middleware/admin_auth.js": {"path":"/home/mazen/Vs Code projects/Match-Reservation-System/src/middleware/admin_auth.js","statementMap":{"0":{"start":{"line":1,"column":12},"end":{"line":1,"column":35}},"1":{"start":{"line":2,"column":14},"end":{"line":2,"column":50}},"2":{"start":{"line":4,"column":13},"end":{"line":18,"column":1}},"3":{"start":{"line":5,"column":4},"end":{"line":17,"column":5}},"4":{"start":{"line":6,"column":22},"end":{"line":6,"column":72}},"5":{"start":{"line":7,"column":24},"end":{"line":7,"column":65}},"6":{"start":{"line":8,"column":22},"end":{"line":8,"column":82}},"7":{"start":{"line":9,"column":8},"end":{"line":11,"column":9}},"8":{"start":{"line":10,"column":12},"end":{"line":10,"column":29}},"9":{"start":{"line":12,"column":8},"end":{"line":12,"column":25}},"10":{"start":{"line":13,"column":8},"end":{"line":13,"column":25}},"11":{"start":{"line":14,"column":8},"end":{"line":14,"column":14}},"12":{"start":{"line":16,"column":8},"end":{"line":16,"column":47}},"13":{"start":{"line":20,"column":0},"end":{"line":20,"column":21}}},"fnMap":{"0":{"name":"(anonymous_0)","decl":{"start":{"line":4,"column":13},"end":{"line":4,"column":14}},"loc":{"start":{"line":4,"column":39},"end":{"line":18,"column":1}},"line":4}},"branchMap":{"0":{"loc":{"start":{"line":9,"column":8},"end":{"line":11,"column":9}},"type":"if","locations":[{"start":{"line":9,"column":8},"end":{"line":11,"column":9}},{"start":{"line":9,"column":8},"end":{"line":11,"column":9}}],"line":9}},"s":{"0":4,"1":4,"2":4,"3":9,"4":9,"5":8,"6":7,"7":7,"8":0,"9":7,"10":7,"11":7,"12":2,"13":4},"f":{"0":9},"b":{"0":[0,7]},"_coverageSchema":"1a1c01bbd47fc00a2c39e90264f33305004495a9","hash":"0e86b795f9485f89efdb5ec6d7f7b23bebc30c7a"}
,"/home/mazen/Vs Code projects/Match-Reservation-System/src/middleware/user_auth.js": {"path":"/home/mazen/Vs Code projects/Match-Reservation-System/src/middleware/user_auth.js","statementMap":{"0":{"start":{"line":1,"column":12},"end":{"line":1,"column":35}},"1":{"start":{"line":2,"column":13},"end":{"line":2,"column":41}},"2":{"start":{"line":3,"column":17},"end":{"line":3,"column":40}},"3":{"start":{"line":6,"column":13},"end":{"line":19,"column":1}},"4":{"start":{"line":7,"column":4},"end":{"line":18,"column":5}},"5":{"start":{"line":8,"column":22},"end":{"line":8,"column":72}},"6":{"start":{"line":9,"column":24},"end":{"line":9,"column":65}},"7":{"start":{"line":10,"column":21},"end":{"line":10,"column":87}},"8":{"start":{"line":11,"column":8},"end":{"line":12,"column":53}},"9":{"start":{"line":12,"column":12},"end":{"line":12,"column":53}},"10":{"start":{"line":13,"column":8},"end":{"line":13,"column":23}},"11":{"start":{"line":14,"column":8},"end":{"line":14,"column":25}},"12":{"start":{"line":15,"column":8},"end":{"line":15,"column":14}},"13":{"start":{"line":17,"column":8},"end":{"line":17,"column":69}},"14":{"start":{"line":21,"column":0},"end":{"line":21,"column":21}}},"fnMap":{"0":{"name":"(anonymous_0)","decl":{"start":{"line":6,"column":13},"end":{"line":6,"column":14}},"loc":{"start":{"line":6,"column":39},"end":{"line":19,"column":1}},"line":6}},"branchMap":{"0":{"loc":{"start":{"line":11,"column":8},"end":{"line":12,"column":53}},"type":"if","locations":[{"start":{"line":11,"column":8},"end":{"line":12,"column":53}},{"start":{"line":11,"column":8},"end":{"line":12,"column":53}}],"line":11}},"s":{"0":4,"1":4,"2":4,"3":4,"4":20,"5":20,"6":19,"7":19,"8":19,"9":0,"10":19,"11":19,"12":19,"13":1,"14":4},"f":{"0":20},"b":{"0":[0,19]},"_coverageSchema":"1a1c01bbd47fc00a2c39e90264f33305004495a9","hash":"c495f8c7a91fdb45d979109f9a4a180639e619ef"}
,"/home/mazen/Vs Code projects/Match-Reservation-System/src/models/Adminstrator.js": {"path":"/home/mazen/Vs Code projects/Match-Reservation-System/src/models/Adminstrator.js","statementMap":{"0":{"start":{"line":1,"column":17},"end":{"line":1,"column":36}},"1":{"start":{"line":2,"column":18},"end":{"line":2,"column":38}},"2":{"start":{"line":3,"column":15},"end":{"line":3,"column":32}},"3":{"start":{"line":4,"column":12},"end":{"line":4,"column":35}},"4":{"start":{"line":7,"column":0},"end":{"line":31,"column":2}},"5":{"start":{"line":15,"column":12},"end":{"line":17,"column":13}},"6":{"start":{"line":16,"column":16},"end":{"line":16,"column":49}},"7":{"start":{"line":25,"column":12},"end":{"line":27,"column":13}},"8":{"start":{"line":26,"column":16},"end":{"line":26,"column":79}},"9":{"start":{"line":34,"column":0},"end":{"line":39,"column":1}},"10":{"start":{"line":35,"column":18},"end":{"line":35,"column":33}},"11":{"start":{"line":36,"column":4},"end":{"line":36,"column":25}},"12":{"start":{"line":37,"column":4},"end":{"line":37,"column":22}},"13":{"start":{"line":38,"column":4},"end":{"line":38,"column":16}},"14":{"start":{"line":41,"column":0},"end":{"line":47,"column":2}},"15":{"start":{"line":42,"column":18},"end":{"line":42,"column":22}},"16":{"start":{"line":43,"column":4},"end":{"line":45,"column":5}},"17":{"start":{"line":44,"column":8},"end":{"line":44,"column":61}},"18":{"start":{"line":46,"column":4},"end":{"line":46,"column":10}},"19":{"start":{"line":49,"column":0},"end":{"line":59,"column":1}},"20":{"start":{"line":50,"column":18},"end":{"line":50,"column":48}},"21":{"start":{"line":51,"column":4},"end":{"line":53,"column":5}},"22":{"start":{"line":52,"column":8},"end":{"line":52,"column":39}},"23":{"start":{"line":54,"column":20},"end":{"line":54,"column":66}},"24":{"start":{"line":55,"column":4},"end":{"line":57,"column":5}},"25":{"start":{"line":56,"column":8},"end":{"line":56,"column":42}},"26":{"start":{"line":58,"column":4},"end":{"line":58,"column":16}},"27":{"start":{"line":61,"column":0},"end":{"line":67,"column":1}},"28":{"start":{"line":62,"column":18},"end":{"line":62,"column":22}},"29":{"start":{"line":63,"column":18},"end":{"line":63,"column":92}},"30":{"start":{"line":64,"column":4},"end":{"line":64,"column":23}},"31":{"start":{"line":65,"column":4},"end":{"line":65,"column":22}},"32":{"start":{"line":66,"column":4},"end":{"line":66,"column":16}},"33":{"start":{"line":70,"column":14},"end":{"line":70,"column":57}},"34":{"start":{"line":71,"column":0},"end":{"line":71,"column":22}}},"fnMap":{"0":{"name":"(anonymous_0)","decl":{"start":{"line":14,"column":8},"end":{"line":14,"column":9}},"loc":{"start":{"line":14,"column":23},"end":{"line":18,"column":9}},"line":14},"1":{"name":"(anonymous_1)","decl":{"start":{"line":24,"column":8},"end":{"line":24,"column":9}},"loc":{"start":{"line":24,"column":23},"end":{"line":28,"column":9}},"line":24},"2":{"name":"(anonymous_2)","decl":{"start":{"line":34,"column":29},"end":{"line":34,"column":30}},"loc":{"start":{"line":34,"column":39},"end":{"line":39,"column":1}},"line":34},"3":{"name":"(anonymous_3)","decl":{"start":{"line":41,"column":24},"end":{"line":41,"column":25}},"loc":{"start":{"line":41,"column":45},"end":{"line":47,"column":1}},"line":41},"4":{"name":"(anonymous_4)","decl":{"start":{"line":49,"column":40},"end":{"line":49,"column":41}},"loc":{"start":{"line":49,"column":67},"end":{"line":59,"column":1}},"line":49},"5":{"name":"(anonymous_5)","decl":{"start":{"line":61,"column":36},"end":{"line":61,"column":37}},"loc":{"start":{"line":61,"column":52},"end":{"line":67,"column":1}},"line":61}},"branchMap":{"0":{"loc":{"start":{"line":15,"column":12},"end":{"line":17,"column":13}},"type":"if","locations":[{"start":{"line":15,"column":12},"end":{"line":17,"column":13}},{"start":{"line":15,"column":12},"end":{"line":17,"column":13}}],"line":15},"1":{"loc":{"start":{"line":25,"column":12},"end":{"line":27,"column":13}},"type":"if","locations":[{"start":{"line":25,"column":12},"end":{"line":27,"column":13}},{"start":{"line":25,"column":12},"end":{"line":27,"column":13}}],"line":25},"2":{"loc":{"start":{"line":43,"column":4},"end":{"line":45,"column":5}},"type":"if","locations":[{"start":{"line":43,"column":4},"end":{"line":45,"column":5}},{"start":{"line":43,"column":4},"end":{"line":45,"column":5}}],"line":43},"3":{"loc":{"start":{"line":51,"column":4},"end":{"line":53,"column":5}},"type":"if","locations":[{"start":{"line":51,"column":4},"end":{"line":53,"column":5}},{"start":{"line":51,"column":4},"end":{"line":53,"column":5}}],"line":51},"4":{"loc":{"start":{"line":55,"column":4},"end":{"line":57,"column":5}},"type":"if","locations":[{"start":{"line":55,"column":4},"end":{"line":57,"column":5}},{"start":{"line":55,"column":4},"end":{"line":57,"column":5}}],"line":55}},"s":{"0":4,"1":4,"2":4,"3":4,"4":4,"5":7,"6":1,"7":7,"8":1,"9":4,"10":2,"11":2,"12":2,"13":2,"14":4,"15":5,"16":5,"17":3,"18":5,"19":4,"20":3,"21":3,"22":1,"23":2,"24":2,"25":1,"26":1,"27":4,"28":1,"29":1,"30":1,"31":1,"32":1,"33":4,"34":4},"f":{"0":7,"1":7,"2":2,"3":5,"4":3,"5":1},"b":{"0":[1,6],"1":[1,6],"2":[3,2],"3":[1,2],"4":[1,1]},"_coverageSchema":"1a1c01bbd47fc00a2c39e90264f33305004495a9","hash":"b33e823965a987e0d7e1dcd4c95fcb5e30cc192d"}
,"/home/mazen/Vs Code projects/Match-Reservation-System/src/models/Match.js": {"path":"/home/mazen/Vs Code projects/Match-Reservation-System/src/models/Match.js","statementMap":{"0":{"start":{"line":1,"column":17},"end":{"line":1,"column":36}},"1":{"start":{"line":2,"column":20},"end":{"line":2,"column":44}},"2":{"start":{"line":3,"column":16},"end":{"line":3,"column":36}},"3":{"start":{"line":5,"column":20},"end":{"line":39,"column":2}},"4":{"start":{"line":41,"column":0},"end":{"line":45,"column":2}},"5":{"start":{"line":47,"column":0},"end":{"line":51,"column":2}},"6":{"start":{"line":48,"column":18},"end":{"line":48,"column":22}},"7":{"start":{"line":49,"column":4},"end":{"line":49,"column":53}},"8":{"start":{"line":50,"column":4},"end":{"line":50,"column":10}},"9":{"start":{"line":54,"column":14},"end":{"line":54,"column":50}},"10":{"start":{"line":55,"column":0},"end":{"line":55,"column":22}}},"fnMap":{"0":{"name":"(anonymous_0)","decl":{"start":{"line":47,"column":26},"end":{"line":47,"column":27}},"loc":{"start":{"line":47,"column":47},"end":{"line":51,"column":1}},"line":47}},"branchMap":{},"s":{"0":4,"1":4,"2":4,"3":4,"4":4,"5":4,"6":0,"7":0,"8":0,"9":4,"10":4},"f":{"0":0},"b":{},"_coverageSchema":"1a1c01bbd47fc00a2c39e90264f33305004495a9","hash":"a66950e5c1fd6dedb25c16ae0c90b05a3904c770"}
,"/home/mazen/Vs Code projects/Match-Reservation-System/src/models/Reservation.js": {"path":"/home/mazen/Vs Code projects/Match-Reservation-System/src/models/Reservation.js","statementMap":{"0":{"start":{"line":1,"column":21},"end":{"line":1,"column":40}},"1":{"start":{"line":3,"column":17},"end":{"line":3,"column":36}},"2":{"start":{"line":5,"column":25},"end":{"line":31,"column":2}},"3":{"start":{"line":33,"column":0},"end":{"line":33,"column":80}},"4":{"start":{"line":34,"column":20},"end":{"line":34,"column":67}},"5":{"start":{"line":35,"column":0},"end":{"line":35,"column":28}}},"fnMap":{},"branchMap":{},"s":{"0":4,"1":4,"2":4,"3":4,"4":4,"5":4},"f":{},"b":{},"_coverageSchema":"1a1c01bbd47fc00a2c39e90264f33305004495a9","hash":"eef55188797fc7c06e0274affe849097864f6f60"}
,"/home/mazen/Vs Code projects/Match-Reservation-System/src/models/Stadium.js": {"path":"/home/mazen/Vs Code projects/Match-Reservation-System/src/models/Stadium.js","statementMap":{"0":{"start":{"line":1,"column":17},"end":{"line":1,"column":36}},"1":{"start":{"line":2,"column":14},"end":{"line":2,"column":32}},"2":{"start":{"line":4,"column":22},"end":{"line":26,"column":2}},"3":{"start":{"line":28,"column":0},"end":{"line":32,"column":3}},"4":{"start":{"line":34,"column":1},"end":{"line":38,"column":3}},"5":{"start":{"line":35,"column":21},"end":{"line":35,"column":25}},"6":{"start":{"line":36,"column":5},"end":{"line":36,"column":56}},"7":{"start":{"line":37,"column":5},"end":{"line":37,"column":11}},"8":{"start":{"line":40,"column":16},"end":{"line":40,"column":56}},"9":{"start":{"line":41,"column":0},"end":{"line":41,"column":24}}},"fnMap":{"0":{"name":"(anonymous_0)","decl":{"start":{"line":34,"column":29},"end":{"line":34,"column":30}},"loc":{"start":{"line":34,"column":45},"end":{"line":38,"column":2}},"line":34}},"branchMap":{},"s":{"0":4,"1":4,"2":4,"3":4,"4":4,"5":0,"6":0,"7":0,"8":4,"9":4},"f":{"0":0},"b":{},"_coverageSchema":"1a1c01bbd47fc00a2c39e90264f33305004495a9","hash":"561260b14c260afc936e6103d14a250e356000c2"}
,"/home/mazen/Vs Code projects/Match-Reservation-System/src/models/User.js": {"path":"/home/mazen/Vs Code projects/Match-Reservation-System/src/models/User.js","statementMap":{"0":{"start":{"line":1,"column":17},"end":{"line":1,"column":36}},"1":{"start":{"line":2,"column":18},"end":{"line":2,"column":38}},"2":{"start":{"line":3,"column":15},"end":{"line":3,"column":32}},"3":{"start":{"line":4,"column":12},"end":{"line":4,"column":35}},"4":{"start":{"line":5,"column":20},"end":{"line":5,"column":44}},"5":{"start":{"line":7,"column":19},"end":{"line":77,"column":2}},"6":{"start":{"line":30,"column":12},"end":{"line":32,"column":13}},"7":{"start":{"line":31,"column":16},"end":{"line":31,"column":49}},"8":{"start":{"line":40,"column":12},"end":{"line":42,"column":13}},"9":{"start":{"line":41,"column":16},"end":{"line":41,"column":79}},"10":{"start":{"line":80,"column":0},"end":{"line":85,"column":1}},"11":{"start":{"line":81,"column":17},"end":{"line":81,"column":32}},"12":{"start":{"line":82,"column":4},"end":{"line":82,"column":24}},"13":{"start":{"line":83,"column":4},"end":{"line":83,"column":22}},"14":{"start":{"line":84,"column":4},"end":{"line":84,"column":15}},"15":{"start":{"line":87,"column":0},"end":{"line":91,"column":2}},"16":{"start":{"line":93,"column":0},"end":{"line":99,"column":2}},"17":{"start":{"line":94,"column":17},"end":{"line":94,"column":21}},"18":{"start":{"line":95,"column":4},"end":{"line":97,"column":5}},"19":{"start":{"line":96,"column":8},"end":{"line":96,"column":59}},"20":{"start":{"line":98,"column":4},"end":{"line":98,"column":10}},"21":{"start":{"line":101,"column":0},"end":{"line":105,"column":2}},"22":{"start":{"line":102,"column":17},"end":{"line":102,"column":21}},"23":{"start":{"line":103,"column":4},"end":{"line":103,"column":52}},"24":{"start":{"line":104,"column":4},"end":{"line":104,"column":10}},"25":{"start":{"line":107,"column":0},"end":{"line":113,"column":1}},"26":{"start":{"line":108,"column":17},"end":{"line":108,"column":21}},"27":{"start":{"line":109,"column":18},"end":{"line":109,"column":91}},"28":{"start":{"line":110,"column":4},"end":{"line":110,"column":37}},"29":{"start":{"line":111,"column":4},"end":{"line":111,"column":21}},"30":{"start":{"line":112,"column":4},"end":{"line":112,"column":16}},"31":{"start":{"line":115,"column":0},"end":{"line":128,"column":1}},"32":{"start":{"line":116,"column":17},"end":{"line":116,"column":46}},"33":{"start":{"line":117,"column":4},"end":{"line":119,"column":5}},"34":{"start":{"line":118,"column":8},"end":{"line":118,"column":39}},"35":{"start":{"line":120,"column":20},"end":{"line":120,"column":65}},"36":{"start":{"line":121,"column":4},"end":{"line":123,"column":5}},"37":{"start":{"line":122,"column":8},"end":{"line":122,"column":42}},"38":{"start":{"line":124,"column":4},"end":{"line":126,"column":5}},"39":{"start":{"line":125,"column":8},"end":{"line":125,"column":75}},"40":{"start":{"line":127,"column":4},"end":{"line":127,"column":15}},"41":{"start":{"line":130,"column":13},"end":{"line":130,"column":47}},"42":{"start":{"line":131,"column":0},"end":{"line":131,"column":21}}},"fnMap":{"0":{"name":"(anonymous_0)","decl":{"start":{"line":29,"column":8},"end":{"line":29,"column":9}},"loc":{"start":{"line":29,"column":23},"end":{"line":33,"column":9}},"line":29},"1":{"name":"(anonymous_1)","decl":{"start":{"line":39,"column":8},"end":{"line":39,"column":9}},"loc":{"start":{"line":39,"column":23},"end":{"line":43,"column":9}},"line":39},"2":{"name":"(anonymous_2)","decl":{"start":{"line":80,"column":28},"end":{"line":80,"column":29}},"loc":{"start":{"line":80,"column":38},"end":{"line":85,"column":1}},"line":80},"3":{"name":"(anonymous_3)","decl":{"start":{"line":93,"column":23},"end":{"line":93,"column":24}},"loc":{"start":{"line":93,"column":44},"end":{"line":99,"column":1}},"line":93},"4":{"name":"(anonymous_4)","decl":{"start":{"line":101,"column":25},"end":{"line":101,"column":26}},"loc":{"start":{"line":101,"column":46},"end":{"line":105,"column":1}},"line":101},"5":{"name":"(anonymous_5)","decl":{"start":{"line":107,"column":35},"end":{"line":107,"column":36}},"loc":{"start":{"line":107,"column":52},"end":{"line":113,"column":1}},"line":107},"6":{"name":"(anonymous_6)","decl":{"start":{"line":115,"column":39},"end":{"line":115,"column":40}},"loc":{"start":{"line":115,"column":66},"end":{"line":128,"column":1}},"line":115}},"branchMap":{"0":{"loc":{"start":{"line":30,"column":12},"end":{"line":32,"column":13}},"type":"if","locations":[{"start":{"line":30,"column":12},"end":{"line":32,"column":13}},{"start":{"line":30,"column":12},"end":{"line":32,"column":13}}],"line":30},"1":{"loc":{"start":{"line":40,"column":12},"end":{"line":42,"column":13}},"type":"if","locations":[{"start":{"line":40,"column":12},"end":{"line":42,"column":13}},{"start":{"line":40,"column":12},"end":{"line":42,"column":13}}],"line":40},"2":{"loc":{"start":{"line":95,"column":4},"end":{"line":97,"column":5}},"type":"if","locations":[{"start":{"line":95,"column":4},"end":{"line":97,"column":5}},{"start":{"line":95,"column":4},"end":{"line":97,"column":5}}],"line":95},"3":{"loc":{"start":{"line":117,"column":4},"end":{"line":119,"column":5}},"type":"if","locations":[{"start":{"line":117,"column":4},"end":{"line":119,"column":5}},{"start":{"line":117,"column":4},"end":{"line":119,"column":5}}],"line":117},"4":{"loc":{"start":{"line":121,"column":4},"end":{"line":123,"column":5}},"type":"if","locations":[{"start":{"line":121,"column":4},"end":{"line":123,"column":5}},{"start":{"line":121,"column":4},"end":{"line":123,"column":5}}],"line":121},"5":{"loc":{"start":{"line":124,"column":4},"end":{"line":126,"column":5}},"type":"if","locations":[{"start":{"line":124,"column":4},"end":{"line":126,"column":5}},{"start":{"line":124,"column":4},"end":{"line":126,"column":5}}],"line":124}},"s":{"0":4,"1":4,"2":4,"3":4,"4":4,"5":4,"6":22,"7":1,"8":22,"9":1,"10":4,"11":9,"12":9,"13":9,"14":9,"15":4,"16":4,"17":18,"18":18,"19":12,"20":18,"21":4,"22":0,"23":0,"24":0,"25":4,"26":4,"27":4,"28":4,"29":4,"30":4,"31":4,"32":7,"33":7,"34":1,"35":6,"36":6,"37":1,"38":5,"39":1,"40":4,"41":4,"42":4},"f":{"0":22,"1":22,"2":9,"3":18,"4":0,"5":4,"6":7},"b":{"0":[1,21],"1":[1,21],"2":[12,6],"3":[1,6],"4":[1,5],"5":[1,4]},"_coverageSchema":"1a1c01bbd47fc00a2c39e90264f33305004495a9","hash":"7d0be22991706deb974791f0f9e30144f18e9aef"}
,"/home/mazen/Vs Code projects/Match-Reservation-System/src/routers/adminstrator.js": {"path":"/home/mazen/Vs Code projects/Match-Reservation-System/src/routers/adminstrator.js","statementMap":{"0":{"start":{"line":1,"column":16},"end":{"line":1,"column":34}},"1":{"start":{"line":2,"column":13},"end":{"line":2,"column":48}},"2":{"start":{"line":3,"column":15},"end":{"line":3,"column":35}},"3":{"start":{"line":4,"column":24},"end":{"line":4,"column":62}},"4":{"start":{"line":6,"column":0},"end":{"line":6,"column":64}},"5":{"start":{"line":7,"column":0},"end":{"line":7,"column":70}},"6":{"start":{"line":8,"column":0},"end":{"line":8,"column":77}},"7":{"start":{"line":9,"column":0},"end":{"line":9,"column":79}},"8":{"start":{"line":12,"column":0},"end":{"line":12,"column":54}},"9":{"start":{"line":14,"column":0},"end":{"line":14,"column":23}}},"fnMap":{},"branchMap":{},"s":{"0":4,"1":4,"2":4,"3":4,"4":4,"5":4,"6":4,"7":4,"8":4,"9":4},"f":{},"b":{},"_coverageSchema":"1a1c01bbd47fc00a2c39e90264f33305004495a9","hash":"c68fa598bc07cda1bd065206308d329a25b417b7"}
,"/home/mazen/Vs Code projects/Match-Reservation-System/src/routers/fan.js": {"path":"/home/mazen/Vs Code projects/Match-Reservation-System/src/routers/fan.js","statementMap":{"0":{"start":{"line":1,"column":16},"end":{"line":1,"column":34}},"1":{"start":{"line":2,"column":15},"end":{"line":2,"column":35}},"2":{"start":{"line":3,"column":22},"end":{"line":3,"column":51}},"3":{"start":{"line":4,"column":13},"end":{"line":4,"column":47}},"4":{"start":{"line":6,"column":0},"end":{"line":6,"column":63}},"5":{"start":{"line":7,"column":0},"end":{"line":7,"column":68}},"6":{"start":{"line":8,"column":0},"end":{"line":8,"column":66}},"7":{"start":{"line":9,"column":0},"end":{"line":9,"column":77}},"8":{"start":{"line":11,"column":0},"end":{"line":11,"column":23}}},"fnMap":{},"branchMap":{},"s":{"0":4,"1":4,"2":4,"3":4,"4":4,"5":4,"6":4,"7":4,"8":4},"f":{},"b":{},"_coverageSchema":"1a1c01bbd47fc00a2c39e90264f33305004495a9","hash":"acacd45f85d719100c6424b9aef26681b7ac50fa"}
,"/home/mazen/Vs Code projects/Match-Reservation-System/src/routers/manager.js": {"path":"/home/mazen/Vs Code projects/Match-Reservation-System/src/routers/manager.js","statementMap":{"0":{"start":{"line":1,"column":16},"end":{"line":1,"column":34}},"1":{"start":{"line":2,"column":15},"end":{"line":2,"column":35}},"2":{"start":{"line":3,"column":26},"end":{"line":3,"column":59}},"3":{"start":{"line":4,"column":13},"end":{"line":4,"column":47}},"4":{"start":{"line":6,"column":0},"end":{"line":6,"column":64}},"5":{"start":{"line":7,"column":0},"end":{"line":10,"column":44}},"6":{"start":{"line":11,"column":0},"end":{"line":11,"column":68}},"7":{"start":{"line":12,"column":0},"end":{"line":12,"column":66}},"8":{"start":{"line":14,"column":0},"end":{"line":14,"column":23}}},"fnMap":{},"branchMap":{},"s":{"0":4,"1":4,"2":4,"3":4,"4":4,"5":4,"6":4,"7":4,"8":4},"f":{},"b":{},"_coverageSchema":"1a1c01bbd47fc00a2c39e90264f33305004495a9","hash":"fd26cc7c75fd72ad355690aad65c8ba35a02ca5b"}
,"/home/mazen/Vs Code projects/Match-Reservation-System/src/routers/user.js": {"path":"/home/mazen/Vs Code projects/Match-Reservation-System/src/routers/user.js","statementMap":{"0":{"start":{"line":1,"column":16},"end":{"line":1,"column":34}},"1":{"start":{"line":2,"column":15},"end":{"line":2,"column":35}},"2":{"start":{"line":3,"column":23},"end":{"line":3,"column":53}},"3":{"start":{"line":4,"column":13},"end":{"line":4,"column":47}},"4":{"start":{"line":6,"column":0},"end":{"line":6,"column":55}},"5":{"start":{"line":7,"column":0},"end":{"line":7,"column":55}},"6":{"start":{"line":8,"column":0},"end":{"line":8,"column":61}},"7":{"start":{"line":10,"column":0},"end":{"line":10,"column":23}}},"fnMap":{},"branchMap":{},"s":{"0":4,"1":4,"2":4,"3":4,"4":4,"5":4,"6":4,"7":4},"f":{},"b":{},"_coverageSchema":"1a1c01bbd47fc00a2c39e90264f33305004495a9","hash":"9234b476d83ed8e357eda913ed0c78fad0d98a04"}
}
