TN:
SF:src/app.js
FNF:0
FNH:0
DA:1,4
DA:2,4
DA:3,4
DA:5,4
DA:6,4
DA:7,4
DA:8,4
DA:11,4
DA:12,4
DA:13,4
DA:14,4
DA:15,4
DA:17,4
LF:13
LH:13
BRF:0
BRH:0
end_of_record
TN:
SF:src/app_error.js
FN:2,(anonymous_0)
FNF:1
FNH:1
FNDA:6,(anonymous_0)
DA:3,6
DA:4,6
DA:7,4
LF:3
LH:3
BRF:0
BRH:0
end_of_record
TN:
SF:src/controllers/adminstrator.js
FN:8,(anonymous_0)
FN:20,(anonymous_1)
FN:33,(anonymous_2)
FN:44,(anonymous_3)
FN:54,(anonymous_4)
FNF:5
FNH:5
FNDA:3,(anonymous_0)
FNDA:3,(anonymous_1)
FNDA:1,(anonymous_2)
FNDA:2,(anonymous_3)
FNDA:3,(anonymous_4)
DA:1,4
DA:2,4
DA:3,4
DA:4,4
DA:5,4
DA:8,4
DA:9,3
DA:10,3
DA:11,3
DA:12,3
DA:13,1
DA:14,1
DA:16,2
DA:20,4
DA:21,3
DA:22,3
DA:23,3
DA:24,2
DA:25,1
DA:27,1
DA:29,1
DA:33,4
DA:34,1
DA:35,1
DA:36,1
DA:37,1
DA:38,1
DA:40,0
DA:44,4
DA:45,2
DA:46,2
DA:47,2
DA:48,1
DA:50,1
DA:54,4
DA:55,3
DA:56,3
DA:57,3
DA:58,2
DA:59,1
DA:61,1
DA:63,1
DA:68,4
LF:43
LH:42
BRDA:24,0,0,1
BRDA:24,0,1,1
BRDA:58,1,0,1
BRDA:58,1,1,1
BRF:4
BRH:4
end_of_record
TN:
SF:src/controllers/fan.js
FN:9,(anonymous_0)
FN:14,(anonymous_1)
FN:19,(anonymous_2)
FN:26,(anonymous_3)
FN:34,(anonymous_4)
FN:68,(anonymous_5)
FN:69,(anonymous_6)
FN:88,(anonymous_7)
FNF:8
FNH:8
FNDA:3,(anonymous_0)
FNDA:3,(anonymous_1)
FNDA:2,(anonymous_2)
FNDA:1,(anonymous_3)
FNDA:3,(anonymous_4)
FNDA:2,(anonymous_5)
FNDA:69,(anonymous_6)
FNDA:4,(anonymous_7)
DA:1,4
DA:2,4
DA:3,4
DA:4,4
DA:5,4
DA:6,4
DA:7,4
DA:9,4
DA:10,3
DA:12,3
DA:14,3
DA:15,3
DA:16,1
DA:18,2
DA:19,2
DA:20,2
DA:21,1
DA:23,1
DA:26,4
DA:27,1
DA:28,1
DA:29,1
DA:31,0
DA:34,4
DA:35,3
DA:36,3
DA:37,3
DA:38,3
DA:39,3
DA:40,3
DA:41,3
DA:42,2
DA:43,2
DA:44,2
DA:45,2
DA:46,2
DA:47,2
DA:48,2
DA:49,2
DA:50,2
DA:52,1
DA:53,1
DA:54,1
DA:55,1
DA:56,1
DA:57,1
DA:58,1
DA:59,1
DA:60,1
DA:62,3
DA:64,2
DA:66,2
DA:67,2
DA:68,2
DA:69,69
DA:72,2
DA:73,2
DA:74,2
DA:76,1
DA:78,1
DA:81,2
DA:82,2
DA:85,3
DA:88,4
DA:89,4
DA:90,4
DA:91,4
DA:92,3
DA:93,3
DA:94,3
DA:95,3
DA:96,3
DA:97,3
DA:98,3
DA:99,2
DA:100,2
DA:101,2
DA:102,2
DA:103,1
DA:104,1
DA:106,1
DA:107,1
DA:109,2
DA:110,2
DA:111,2
DA:113,1
DA:116,1
DA:123,4
LF:88
LH:87
BRDA:15,0,0,1
BRDA:15,0,1,2
BRDA:41,1,0,2
BRDA:41,1,1,1
BRDA:62,2,0,1
BRDA:62,2,1,2
BRDA:98,3,0,2
BRDA:98,3,1,1
BRDA:102,4,0,1
BRDA:102,4,1,1
BRF:10
BRH:10
end_of_record
TN:
SF:src/controllers/manager.js
FN:8,(anonymous_0)
FN:22,(anonymous_1)
FN:23,(anonymous_2)
FN:26,(anonymous_3)
FN:27,(anonymous_4)
FN:40,(anonymous_5)
FN:52,(anonymous_6)
FN:67,(anonymous_7)
FN:80,(anonymous_8)
FNF:9
FNH:9
FNDA:2,(anonymous_0)
FNDA:100,(anonymous_1)
FNDA:10000,(anonymous_2)
FNDA:10,(anonymous_3)
FNDA:100,(anonymous_4)
FNDA:2,(anonymous_5)
FNDA:3,(anonymous_6)
FNDA:2,(anonymous_7)
FNDA:2,(anonymous_8)
DA:1,4
DA:2,4
DA:3,4
DA:4,4
DA:5,4
DA:6,4
DA:8,4
DA:9,2
DA:10,2
DA:11,1
DA:12,1
DA:14,1
DA:16,1
DA:17,1
DA:18,1
DA:19,1
DA:22,1
DA:23,10000
DA:26,1
DA:27,100
DA:29,1
DA:30,1
DA:32,1
DA:33,1
DA:36,1
DA:40,4
DA:41,2
DA:42,2
DA:43,2
DA:44,1
DA:45,1
DA:48,1
DA:52,4
DA:53,3
DA:54,3
DA:55,1
DA:56,2
DA:57,2
DA:58,1
DA:59,1
DA:60,1
DA:63,2
DA:67,4
DA:68,2
DA:69,2
DA:70,1
DA:71,1
DA:72,1
DA:73,1
DA:76,1
DA:80,4
DA:81,2
DA:82,2
DA:83,2
DA:84,1
DA:85,1
DA:88,1
DA:92,4
LF:58
LH:58
BRDA:10,0,0,1
BRDA:10,0,1,1
BRDA:43,1,0,1
BRDA:43,1,1,1
BRDA:54,2,0,1
BRDA:54,2,1,2
BRDA:57,3,0,1
BRDA:57,3,1,1
BRDA:69,4,0,1
BRDA:69,4,1,1
BRDA:83,5,0,1
BRDA:83,5,1,1
BRF:12
BRH:12
end_of_record
TN:
SF:src/controllers/user.js
FN:6,(anonymous_0)
FN:20,(anonymous_1)
FN:32,(anonymous_2)
FN:34,(anonymous_3)
FNF:4
FNH:4
FNDA:5,(anonymous_0)
FNDA:7,(anonymous_1)
FNDA:1,(anonymous_2)
FNDA:1,(anonymous_3)
DA:1,4
DA:2,4
DA:3,4
DA:4,4
DA:6,4
DA:7,5
DA:8,5
DA:9,5
DA:10,1
DA:12,5
DA:13,5
DA:14,2
DA:16,3
DA:20,4
DA:21,7
DA:22,7
DA:23,7
DA:24,7
DA:25,4
DA:26,4
DA:28,3
DA:32,4
DA:33,1
DA:34,1
DA:35,1
DA:37,1
DA:38,1
DA:39,1
DA:41,0
DA:46,4
LF:30
LH:29
BRDA:9,0,0,1
BRDA:9,0,1,4
BRDA:35,1,0,0
BRDA:35,1,1,1
BRF:4
BRH:3
end_of_record
TN:
SF:src/db/mongoose.js
FNF:0
FNH:0
DA:1,4
DA:3,4
LF:2
LH:2
BRF:0
BRH:0
end_of_record
TN:
SF:src/middleware/admin_auth.js
FN:4,(anonymous_0)
FNF:1
FNH:1
FNDA:9,(anonymous_0)
DA:1,4
DA:2,4
DA:4,4
DA:5,9
DA:6,9
DA:7,8
DA:8,7
DA:9,7
DA:10,0
DA:12,7
DA:13,7
DA:14,7
DA:16,2
DA:20,4
LF:14
LH:13
BRDA:9,0,0,0
BRDA:9,0,1,7
BRF:2
BRH:1
end_of_record
TN:
SF:src/middleware/user_auth.js
FN:6,(anonymous_0)
FNF:1
FNH:1
FNDA:20,(anonymous_0)
DA:1,4
DA:2,4
DA:3,4
DA:6,4
DA:7,20
DA:8,20
DA:9,19
DA:10,19
DA:11,19
DA:12,0
DA:13,19
DA:14,19
DA:15,19
DA:17,1
DA:21,4
LF:15
LH:14
BRDA:11,0,0,0
BRDA:11,0,1,19
BRF:2
BRH:1
end_of_record
TN:
SF:src/models/Adminstrator.js
FN:14,(anonymous_0)
FN:24,(anonymous_1)
FN:34,(anonymous_2)
FN:41,(anonymous_3)
FN:49,(anonymous_4)
FN:61,(anonymous_5)
FNF:6
FNH:6
FNDA:7,(anonymous_0)
FNDA:7,(anonymous_1)
FNDA:2,(anonymous_2)
FNDA:5,(anonymous_3)
FNDA:3,(anonymous_4)
FNDA:1,(anonymous_5)
DA:1,4
DA:2,4
DA:3,4
DA:4,4
DA:7,4
DA:15,7
DA:16,1
DA:25,7
DA:26,1
DA:34,4
DA:35,2
DA:36,2
DA:37,2
DA:38,2
DA:41,4
DA:42,5
DA:43,5
DA:44,3
DA:46,5
DA:49,4
DA:50,3
DA:51,3
DA:52,1
DA:54,2
DA:55,2
DA:56,1
DA:58,1
DA:61,4
DA:62,1
DA:63,1
DA:64,1
DA:65,1
DA:66,1
DA:70,4
DA:71,4
LF:35
LH:35
BRDA:15,0,0,1
BRDA:15,0,1,6
BRDA:25,1,0,1
BRDA:25,1,1,6
BRDA:43,2,0,3
BRDA:43,2,1,2
BRDA:51,3,0,1
BRDA:51,3,1,2
BRDA:55,4,0,1
BRDA:55,4,1,1
BRF:10
BRH:10
end_of_record
TN:
SF:src/models/Match.js
FN:47,(anonymous_0)
FNF:1
FNH:0
FNDA:0,(anonymous_0)
DA:1,4
DA:2,4
DA:3,4
DA:5,4
DA:41,4
DA:47,4
DA:48,0
DA:49,0
DA:50,0
DA:54,4
DA:55,4
LF:11
LH:8
BRF:0
BRH:0
end_of_record
TN:
SF:src/models/Reservation.js
FNF:0
FNH:0
DA:1,4
DA:3,4
DA:5,4
DA:33,4
DA:34,4
DA:35,4
LF:6
LH:6
BRF:0
BRH:0
end_of_record
TN:
SF:src/models/Stadium.js
FN:34,(anonymous_0)
FNF:1
FNH:0
FNDA:0,(anonymous_0)
DA:1,4
DA:2,4
DA:4,4
DA:28,4
DA:34,4
DA:35,0
DA:36,0
DA:37,0
DA:40,4
DA:41,4
LF:10
LH:7
BRF:0
BRH:0
end_of_record
TN:
SF:src/models/User.js
FN:29,(anonymous_0)
FN:39,(anonymous_1)
FN:80,(anonymous_2)
FN:93,(anonymous_3)
FN:101,(anonymous_4)
FN:107,(anonymous_5)
FN:115,(anonymous_6)
FNF:7
FNH:6
FNDA:22,(anonymous_0)
FNDA:22,(anonymous_1)
FNDA:9,(anonymous_2)
FNDA:18,(anonymous_3)
FNDA:0,(anonymous_4)
FNDA:4,(anonymous_5)
FNDA:7,(anonymous_6)
DA:1,4
DA:2,4
DA:3,4
DA:4,4
DA:5,4
DA:7,4
DA:30,22
DA:31,1
DA:40,22
DA:41,1
DA:80,4
DA:81,9
DA:82,9
DA:83,9
DA:84,9
DA:87,4
DA:93,4
DA:94,18
DA:95,18
DA:96,12
DA:98,18
DA:101,4
DA:102,0
DA:103,0
DA:104,0
DA:107,4
DA:108,4
DA:109,4
DA:110,4
DA:111,4
DA:112,4
DA:115,4
DA:116,7
DA:117,7
DA:118,1
DA:120,6
DA:121,6
DA:122,1
DA:124,5
DA:125,1
DA:127,4
DA:130,4
DA:131,4
LF:43
LH:40
BRDA:30,0,0,1
BRDA:30,0,1,21
BRDA:40,1,0,1
BRDA:40,1,1,21
BRDA:95,2,0,12
BRDA:95,2,1,6
BRDA:117,3,0,1
BRDA:117,3,1,6
BRDA:121,4,0,1
BRDA:121,4,1,5
BRDA:124,5,0,1
BRDA:124,5,1,4
BRF:12
BRH:12
end_of_record
TN:
SF:src/routers/adminstrator.js
FNF:0
FNH:0
DA:1,4
DA:2,4
DA:3,4
DA:4,4
DA:6,4
DA:7,4
DA:8,4
DA:9,4
DA:12,4
DA:14,4
LF:10
LH:10
BRF:0
BRH:0
end_of_record
TN:
SF:src/routers/fan.js
FNF:0
FNH:0
DA:1,4
DA:2,4
DA:3,4
DA:4,4
DA:6,4
DA:7,4
DA:8,4
DA:9,4
DA:11,4
LF:9
LH:9
BRF:0
BRH:0
end_of_record
TN:
SF:src/routers/manager.js
FNF:0
FNH:0
DA:1,4
DA:2,4
DA:3,4
DA:4,4
DA:6,4
DA:7,4
DA:11,4
DA:12,4
DA:14,4
LF:9
LH:9
BRF:0
BRH:0
end_of_record
TN:
SF:src/routers/user.js
FNF:0
FNH:0
DA:1,4
DA:2,4
DA:3,4
DA:4,4
DA:6,4
DA:7,4
DA:8,4
DA:10,4
LF:8
LH:8
BRF:0
BRH:0
end_of_record
