TN:
SF:src/app.js
FNF:0
FNH:0
DA:1,4
DA:2,4
DA:3,4
DA:4,4
DA:7,4
DA:8,4
DA:9,4
DA:10,4
DA:13,4
DA:14,4
DA:15,4
DA:16,4
DA:17,4
DA:18,4
DA:22,4
LF:15
LH:15
BRF:0
BRH:0
end_of_record
TN:
SF:src/app_error.js
FN:2,(anonymous_0)
FNF:1
FNH:1
FNDA:5,(anonymous_0)
DA:3,5
DA:4,5
DA:7,4
LF:3
LH:3
BRF:0
BRH:0
end_of_record
TN:
SF:src/controllers/adminstrator.js
FN:8,(anonymous_0)
FN:20,(anonymous_1)
FN:33,(anonymous_2)
FN:44,(anonymous_3)
FN:54,(anonymous_4)
FN:68,(anonymous_5)
FNF:6
FNH:5
FNDA:3,(anonymous_0)
FNDA:3,(anonymous_1)
FNDA:1,(anonymous_2)
FNDA:2,(anonymous_3)
FNDA:3,(anonymous_4)
FNDA:0,(anonymous_5)
DA:1,4
DA:2,4
DA:3,4
DA:4,4
DA:5,4
DA:8,4
DA:9,3
DA:10,3
DA:11,3
DA:12,3
DA:13,1
DA:14,1
DA:16,2
DA:20,4
DA:21,3
DA:22,3
DA:23,3
DA:24,2
DA:25,1
DA:27,1
DA:29,1
DA:33,4
DA:34,1
DA:35,1
DA:36,1
DA:37,1
DA:38,1
DA:40,0
DA:44,4
DA:45,2
DA:46,2
DA:47,2
DA:48,1
DA:50,1
DA:54,4
DA:55,3
DA:56,3
DA:57,3
DA:58,2
DA:59,1
DA:61,1
DA:63,1
DA:68,4
DA:69,0
DA:70,0
DA:71,0
DA:73,0
DA:79,4
LF:48
LH:43
BRDA:24,0,0,1
BRDA:24,0,1,1
BRDA:58,1,0,1
BRDA:58,1,1,1
BRF:4
BRH:4
end_of_record
TN:
SF:src/controllers/fan.js
FN:9,(anonymous_0)
FN:14,(anonymous_1)
FN:19,(anonymous_2)
FN:26,(anonymous_3)
FN:34,(anonymous_4)
FN:68,(anonymous_5)
FN:69,(anonymous_6)
FN:88,(anonymous_7)
FNF:8
FNH:5
FNDA:3,(anonymous_0)
FNDA:3,(anonymous_1)
FNDA:2,(anonymous_2)
FNDA:0,(anonymous_3)
FNDA:3,(anonymous_4)
FNDA:0,(anonymous_5)
FNDA:0,(anonymous_6)
FNDA:2,(anonymous_7)
DA:1,4
DA:2,4
DA:3,4
DA:4,4
DA:5,4
DA:6,4
DA:7,4
DA:9,4
DA:10,3
DA:12,3
DA:14,3
DA:15,3
DA:16,1
DA:18,2
DA:19,2
DA:20,2
DA:21,1
DA:23,1
DA:26,4
DA:27,0
DA:28,0
DA:29,0
DA:31,0
DA:34,4
DA:35,3
DA:36,3
DA:37,3
DA:38,3
DA:39,3
DA:40,3
DA:41,3
DA:42,2
DA:43,2
DA:44,2
DA:45,2
DA:46,2
DA:47,2
DA:48,2
DA:49,2
DA:50,2
DA:52,1
DA:53,1
DA:54,1
DA:55,1
DA:56,1
DA:57,1
DA:58,1
DA:59,1
DA:60,1
DA:62,3
DA:64,0
DA:66,0
DA:67,0
DA:68,0
DA:69,0
DA:72,0
DA:73,0
DA:74,0
DA:76,0
DA:78,0
DA:81,3
DA:82,3
DA:85,3
DA:88,4
DA:89,2
DA:90,2
DA:91,2
DA:92,1
DA:93,1
DA:94,1
DA:95,0
DA:96,0
DA:97,0
DA:98,0
DA:99,0
DA:100,0
DA:101,0
DA:102,0
DA:103,0
DA:104,0
DA:106,0
DA:107,0
DA:109,0
DA:110,0
DA:111,0
DA:113,0
DA:116,2
DA:123,4
LF:88
LH:58
BRDA:15,0,0,1
BRDA:15,0,1,2
BRDA:41,1,0,2
BRDA:41,1,1,1
BRDA:62,2,0,3
BRDA:62,2,1,0
BRDA:98,3,0,0
BRDA:98,3,1,0
BRDA:102,4,0,0
BRDA:102,4,1,0
BRF:10
BRH:5
end_of_record
TN:
SF:src/controllers/manager.js
FN:8,(anonymous_0)
FN:24,(anonymous_1)
FN:25,(anonymous_2)
FN:28,(anonymous_3)
FN:29,(anonymous_4)
FN:44,(anonymous_5)
FN:56,(anonymous_6)
FN:71,(anonymous_7)
FN:83,(anonymous_8)
FN:92,(anonymous_9)
FNF:10
FNH:9
FNDA:2,(anonymous_0)
FNDA:200,(anonymous_1)
FNDA:20000,(anonymous_2)
FNDA:20,(anonymous_3)
FNDA:200,(anonymous_4)
FNDA:2,(anonymous_5)
FNDA:3,(anonymous_6)
FNDA:2,(anonymous_7)
FNDA:0,(anonymous_8)
FNDA:2,(anonymous_9)
DA:1,4
DA:2,4
DA:3,4
DA:4,4
DA:5,4
DA:6,4
DA:8,4
DA:9,2
DA:12,2
DA:13,2
DA:14,2
DA:15,2
DA:16,2
DA:18,2
DA:19,2
DA:20,2
DA:21,2
DA:24,2
DA:25,20000
DA:28,2
DA:29,200
DA:31,2
DA:32,2
DA:33,2
DA:35,2
DA:36,0
DA:39,2
DA:44,4
DA:45,2
DA:46,2
DA:47,1
DA:48,1
DA:49,0
DA:52,2
DA:56,4
DA:57,3
DA:58,3
DA:59,1
DA:60,2
DA:61,1
DA:62,1
DA:63,0
DA:64,0
DA:67,3
DA:71,4
DA:72,2
DA:73,2
DA:74,1
DA:75,1
DA:76,1
DA:77,1
DA:80,1
DA:83,4
DA:84,0
DA:85,0
DA:86,0
DA:88,0
DA:92,4
DA:93,2
DA:94,2
DA:95,1
DA:96,1
DA:97,0
DA:100,2
DA:104,4
LF:65
LH:56
BRDA:47,0,0,1
BRDA:47,0,1,0
BRDA:58,1,0,1
BRDA:58,1,1,2
BRDA:61,2,0,1
BRDA:61,2,1,0
BRDA:73,3,0,1
BRDA:73,3,1,1
BRDA:95,4,0,1
BRDA:95,4,1,0
BRF:10
BRH:7
end_of_record
TN:
SF:src/controllers/user.js
FN:7,(anonymous_0)
FN:21,(anonymous_1)
FN:34,(anonymous_2)
FN:46,(anonymous_3)
FN:48,(anonymous_4)
FN:60,(anonymous_5)
FNF:6
FNH:4
FNDA:5,(anonymous_0)
FNDA:0,(anonymous_1)
FNDA:7,(anonymous_2)
FNDA:1,(anonymous_3)
FNDA:1,(anonymous_4)
FNDA:0,(anonymous_5)
DA:1,4
DA:2,4
DA:3,4
DA:4,4
DA:5,4
DA:7,4
DA:8,5
DA:9,5
DA:10,5
DA:11,1
DA:13,5
DA:14,5
DA:15,2
DA:17,3
DA:21,4
DA:22,0
DA:23,0
DA:24,0
DA:25,0
DA:26,0
DA:28,0
DA:30,0
DA:34,4
DA:35,7
DA:36,7
DA:37,7
DA:38,7
DA:39,4
DA:40,4
DA:42,3
DA:46,4
DA:47,1
DA:48,1
DA:49,1
DA:51,1
DA:52,1
DA:53,1
DA:55,0
DA:60,4
DA:61,0
DA:62,0
DA:65,0
DA:66,0
DA:67,0
DA:68,0
DA:70,0
DA:77,4
LF:47
LH:32
BRDA:10,0,0,1
BRDA:10,0,1,4
BRDA:25,1,0,0
BRDA:25,1,1,0
BRDA:49,2,0,0
BRDA:49,2,1,1
BRDA:61,3,0,0
BRDA:61,3,1,0
BRF:8
BRH:3
end_of_record
TN:
SF:src/db/mongoose.js
FNF:0
FNH:0
DA:1,4
DA:3,4
LF:2
LH:2
BRF:0
BRH:0
end_of_record
TN:
SF:src/middleware/admin_auth.js
FN:4,(anonymous_0)
FNF:1
FNH:1
FNDA:9,(anonymous_0)
DA:1,4
DA:2,4
DA:4,4
DA:5,9
DA:6,9
DA:7,8
DA:8,7
DA:9,7
DA:10,0
DA:12,7
DA:13,7
DA:14,7
DA:16,2
DA:20,4
LF:14
LH:13
BRDA:9,0,0,0
BRDA:9,0,1,7
BRF:2
BRH:1
end_of_record
TN:
SF:src/middleware/user_auth.js
FN:6,(anonymous_0)
FNF:1
FNH:1
FNDA:15,(anonymous_0)
DA:1,4
DA:2,4
DA:3,4
DA:6,4
DA:7,15
DA:8,15
DA:9,14
DA:10,14
DA:11,14
DA:12,0
DA:13,14
DA:14,14
DA:15,14
DA:17,1
DA:21,4
LF:15
LH:14
BRDA:11,0,0,0
BRDA:11,0,1,14
BRF:2
BRH:1
end_of_record
TN:
SF:src/models/Adminstrator.js
FN:14,(anonymous_0)
FN:24,(anonymous_1)
FN:34,(anonymous_2)
FN:41,(anonymous_3)
FN:49,(anonymous_4)
FN:61,(anonymous_5)
FNF:6
FNH:6
FNDA:7,(anonymous_0)
FNDA:7,(anonymous_1)
FNDA:2,(anonymous_2)
FNDA:5,(anonymous_3)
FNDA:3,(anonymous_4)
FNDA:1,(anonymous_5)
DA:1,4
DA:2,4
DA:3,4
DA:4,4
DA:7,4
DA:15,7
DA:16,1
DA:25,7
DA:26,1
DA:34,4
DA:35,2
DA:36,2
DA:37,2
DA:38,2
DA:41,4
DA:42,5
DA:43,5
DA:44,3
DA:46,5
DA:49,4
DA:50,3
DA:51,3
DA:52,1
DA:54,2
DA:55,2
DA:56,1
DA:58,1
DA:61,4
DA:62,1
DA:63,1
DA:64,1
DA:65,1
DA:66,1
DA:70,4
DA:71,4
LF:35
LH:35
BRDA:15,0,0,1
BRDA:15,0,1,6
BRDA:25,1,0,1
BRDA:25,1,1,6
BRDA:43,2,0,3
BRDA:43,2,1,2
BRDA:51,3,0,1
BRDA:51,3,1,2
BRDA:55,4,0,1
BRDA:55,4,1,1
BRF:10
BRH:10
end_of_record
TN:
SF:src/models/Match.js
FN:51,(anonymous_0)
FNF:1
FNH:0
FNDA:0,(anonymous_0)
DA:1,4
DA:2,4
DA:3,4
DA:5,4
DA:45,4
DA:51,4
DA:52,0
DA:53,0
DA:54,0
DA:58,4
DA:59,4
LF:11
LH:8
BRF:0
BRH:0
end_of_record
TN:
SF:src/models/Reservation.js
FNF:0
FNH:0
DA:1,4
DA:3,4
DA:5,4
DA:32,4
DA:33,4
DA:34,4
DA:35,4
LF:7
LH:7
BRF:0
BRH:0
end_of_record
TN:
SF:src/models/Stadium.js
FN:34,(anonymous_0)
FNF:1
FNH:0
FNDA:0,(anonymous_0)
DA:1,4
DA:2,4
DA:4,4
DA:28,4
DA:34,4
DA:35,0
DA:36,0
DA:37,0
DA:40,4
DA:41,4
LF:10
LH:7
BRF:0
BRH:0
end_of_record
TN:
SF:src/models/User.js
FN:29,(anonymous_0)
FN:39,(anonymous_1)
FN:80,(anonymous_2)
FN:93,(anonymous_3)
FN:101,(anonymous_4)
FN:107,(anonymous_5)
FN:115,(anonymous_6)
FNF:7
FNH:6
FNDA:22,(anonymous_0)
FNDA:22,(anonymous_1)
FNDA:8,(anonymous_2)
FNDA:18,(anonymous_3)
FNDA:0,(anonymous_4)
FNDA:4,(anonymous_5)
FNDA:7,(anonymous_6)
DA:1,4
DA:2,4
DA:3,4
DA:4,4
DA:5,4
DA:7,4
DA:30,22
DA:31,1
DA:40,22
DA:41,1
DA:80,4
DA:81,8
DA:82,8
DA:83,8
DA:84,8
DA:87,4
DA:93,4
DA:94,18
DA:95,18
DA:96,12
DA:98,18
DA:101,4
DA:102,0
DA:103,0
DA:104,0
DA:107,4
DA:108,4
DA:109,4
DA:110,4
DA:111,4
DA:112,4
DA:115,4
DA:116,7
DA:117,7
DA:118,1
DA:120,6
DA:121,6
DA:122,1
DA:124,5
DA:125,1
DA:127,4
DA:130,4
DA:131,4
LF:43
LH:40
BRDA:30,0,0,1
BRDA:30,0,1,21
BRDA:40,1,0,1
BRDA:40,1,1,21
BRDA:95,2,0,12
BRDA:95,2,1,6
BRDA:117,3,0,1
BRDA:117,3,1,6
BRDA:121,4,0,1
BRDA:121,4,1,5
BRDA:124,5,0,1
BRDA:124,5,1,4
BRF:12
BRH:12
end_of_record
TN:
SF:src/routers/adminstrator.js
FNF:0
FNH:0
DA:1,4
DA:2,4
DA:3,4
DA:4,4
DA:6,4
DA:7,4
DA:8,4
DA:9,4
DA:10,4
DA:13,4
DA:15,4
LF:11
LH:11
BRF:0
BRH:0
end_of_record
TN:
SF:src/routers/fan.js
FNF:0
FNH:0
DA:1,4
DA:2,4
DA:3,4
DA:4,4
DA:6,4
DA:7,4
DA:8,4
DA:9,4
DA:11,4
LF:9
LH:9
BRF:0
BRH:0
end_of_record
TN:
SF:src/routers/manager.js
FNF:0
FNH:0
DA:1,4
DA:2,4
DA:3,4
DA:4,4
DA:6,4
DA:7,4
DA:11,4
DA:12,4
DA:13,4
DA:15,4
LF:10
LH:10
BRF:0
BRH:0
end_of_record
TN:
SF:src/routers/user.js
FNF:0
FNH:0
DA:1,4
DA:2,4
DA:3,4
DA:4,4
DA:5,4
DA:7,4
DA:8,4
DA:9,4
DA:10,4
DA:11,4
DA:14,4
LF:11
LH:11
BRF:0
BRH:0
end_of_record
